[ 2017-02-08T10:49:58+08:00 ] 192.168.31.56 /base/Sys-login
INFO: [ route_check ] --START--
INFO: Run CheckRoute Behavior [ RunTime:0.001000s ]
INFO: [ route_check ] --END-- [ RunTime:0.001000s ]
NOTIC: [8192] preg_replace(): The /e modifier is deprecated, use preg_replace_callback instead E:\www\base\Core\Lib\Core\Dispatcher.class.php Á¨¨ 125 Ë°å.
INFO: [ app_begin ] --START--
INFO: Run ReadHtmlCache Behavior [ RunTime:0.001000s ]
INFO: [ app_begin ] --END-- [ RunTime:0.001000s ]
NOTIC: [8] Undefined index: sys_uid E:\www\base\App\Lib\Action\SysAction.class.php Á¨¨ 15 Ë°å.
INFO: [ view_template ] --START--
INFO: Run LocationTemplate Behavior [ RunTime:0.001000s ]
INFO: [ view_template ] --END-- [ RunTime:0.001000s ]
INFO: [ view_parse ] --START--
NOTIC: [8192] preg_replace(): The /e modifier is deprecated, use preg_replace_callback instead E:\www\base\Core\Lib\Template\ThinkTemplate.class.php Á¨¨ 273 Ë°å.
NOTIC: [8192] preg_replace(): The /e modifier is deprecated, use preg_replace_callback instead E:\www\base\Core\Lib\Template\ThinkTemplate.class.php Á¨¨ 168 Ë°å.
NOTIC: [8192] preg_replace(): The /e modifier is deprecated, use preg_replace_callback instead E:\www\base\Core\Lib\Template\ThinkTemplate.class.php Á¨¨ 404 Ë°å.
NOTIC: [8192] preg_replace(): The /e modifier is deprecated, use preg_replace_callback instead E:\www\base\Core\Lib\Template\ThinkTemplate.class.php Á¨¨ 404 Ë°å.
NOTIC: [8192] preg_replace(): The /e modifier is deprecated, use preg_replace_callback instead E:\www\base\Core\Lib\Template\ThinkTemplate.class.php Á¨¨ 404 Ë°å.
NOTIC: [8192] preg_replace(): The /e modifier is deprecated, use preg_replace_callback instead E:\www\base\Core\Lib\Template\ThinkTemplate.class.php Á¨¨ 404 Ë°å.
NOTIC: [8192] preg_replace(): The /e modifier is deprecated, use preg_replace_callback instead E:\www\base\Core\Lib\Template\ThinkTemplate.class.php Á¨¨ 404 Ë°å.
NOTIC: [8192] preg_replace(): The /e modifier is deprecated, use preg_replace_callback instead E:\www\base\Core\Lib\Template\ThinkTemplate.class.php Á¨¨ 404 Ë°å.
NOTIC: [8192] preg_replace(): The /e modifier is deprecated, use preg_replace_callback instead E:\www\base\Core\Lib\Template\ThinkTemplate.class.php Á¨¨ 404 Ë°å.
NOTIC: [8192] preg_replace(): The /e modifier is deprecated, use preg_replace_callback instead E:\www\base\Core\Lib\Template\ThinkTemplate.class.php Á¨¨ 404 Ë°å.
NOTIC: [8192] preg_replace(): The /e modifier is deprecated, use preg_replace_callback instead E:\www\base\Core\Lib\Template\ThinkTemplate.class.php Á¨¨ 404 Ë°å.
NOTIC: [8192] preg_replace(): The /e modifier is deprecated, use preg_replace_callback instead E:\www\base\Core\Lib\Template\ThinkTemplate.class.php Á¨¨ 404 Ë°å.
NOTIC: [8192] preg_replace(): The /e modifier is deprecated, use preg_replace_callback instead E:\www\base\Core\Lib\Template\ThinkTemplate.class.php Á¨¨ 404 Ë°å.
NOTIC: [8192] preg_replace(): The /e modifier is deprecated, use preg_replace_callback instead E:\www\base\Core\Lib\Template\ThinkTemplate.class.php Á¨¨ 404 Ë°å.
NOTIC: [8192] preg_replace(): The /e modifier is deprecated, use preg_replace_callback instead E:\www\base\Core\Lib\Template\ThinkTemplate.class.php Á¨¨ 399 Ë°å.
NOTIC: [8192] preg_replace(): The /e modifier is deprecated, use preg_replace_callback instead E:\www\base\Core\Lib\Template\ThinkTemplate.class.php Á¨¨ 399 Ë°å.
NOTIC: [8192] preg_replace(): The /e modifier is deprecated, use preg_replace_callback instead E:\www\base\Core\Lib\Template\ThinkTemplate.class.php Á¨¨ 404 Ë°å.
NOTIC: [8192] preg_replace(): The /e modifier is deprecated, use preg_replace_callback instead E:\www\base\Core\Lib\Template\ThinkTemplate.class.php Á¨¨ 404 Ë°å.
NOTIC: [8192] preg_replace(): The /e modifier is deprecated, use preg_replace_callback instead E:\www\base\Core\Lib\Template\ThinkTemplate.class.php Á¨¨ 404 Ë°å.
NOTIC: [8192] preg_replace(): The /e modifier is deprecated, use preg_replace_callback instead E:\www\base\Core\Lib\Template\ThinkTemplate.class.php Á¨¨ 399 Ë°å.
NOTIC: [8192] preg_replace(): The /e modifier is deprecated, use preg_replace_callback instead E:\www\base\Core\Lib\Template\ThinkTemplate.class.php Á¨¨ 404 Ë°å.
NOTIC: [8192] preg_replace(): The /e modifier is deprecated, use preg_replace_callback instead E:\www\base\Core\Lib\Template\ThinkTemplate.class.php Á¨¨ 404 Ë°å.
NOTIC: [8192] preg_replace(): The /e modifier is deprecated, use preg_replace_callback instead E:\www\base\Core\Lib\Template\ThinkTemplate.class.php Á¨¨ 404 Ë°å.
NOTIC: [8192] preg_replace(): The /e modifier is deprecated, use preg_replace_callback instead E:\www\base\Core\Lib\Template\ThinkTemplate.class.php Á¨¨ 404 Ë°å.
NOTIC: [8192] preg_replace(): The /e modifier is deprecated, use preg_replace_callback instead E:\www\base\Core\Lib\Template\ThinkTemplate.class.php Á¨¨ 404 Ë°å.
NOTIC: [8192] preg_replace(): The /e modifier is deprecated, use preg_replace_callback instead E:\www\base\Core\Lib\Template\ThinkTemplate.class.php Á¨¨ 404 Ë°å.
NOTIC: [8192] preg_replace(): The /e modifier is deprecated, use preg_replace_callback instead E:\www\base\Core\Lib\Template\ThinkTemplate.class.php Á¨¨ 404 Ë°å.
NOTIC: [8192] preg_replace(): The /e modifier is deprecated, use preg_replace_callback instead E:\www\base\Core\Lib\Template\ThinkTemplate.class.php Á¨¨ 404 Ë°å.
NOTIC: [8192] preg_replace(): The /e modifier is deprecated, use preg_replace_callback instead E:\www\base\Core\Lib\Template\ThinkTemplate.class.php Á¨¨ 404 Ë°å.
NOTIC: [8192] preg_replace(): The /e modifier is deprecated, use preg_replace_callback instead E:\www\base\Core\Lib\Template\ThinkTemplate.class.php Á¨¨ 404 Ë°å.
NOTIC: [8192] preg_replace(): The /e modifier is deprecated, use preg_replace_callback instead E:\www\base\Core\Lib\Template\ThinkTemplate.class.php Á¨¨ 404 Ë°å.
NOTIC: [8192] preg_replace(): The /e modifier is deprecated, use preg_replace_callback instead E:\www\base\Core\Lib\Template\ThinkTemplate.class.php Á¨¨ 404 Ë°å.
NOTIC: [8192] preg_replace(): The /e modifier is deprecated, use preg_replace_callback instead E:\www\base\Core\Lib\Template\ThinkTemplate.class.php Á¨¨ 404 Ë°å.
NOTIC: [8192] preg_replace(): The /e modifier is deprecated, use preg_replace_callback instead E:\www\base\Core\Lib\Template\ThinkTemplate.class.php Á¨¨ 404 Ë°å.
NOTIC: [8192] preg_replace(): The /e modifier is deprecated, use preg_replace_callback instead E:\www\base\Core\Lib\Template\ThinkTemplate.class.php Á¨¨ 404 Ë°å.
NOTIC: [8192] preg_replace(): The /e modifier is deprecated, use preg_replace_callback instead E:\www\base\Core\Lib\Template\ThinkTemplate.class.php Á¨¨ 404 Ë°å.
NOTIC: [8192] preg_replace(): The /e modifier is deprecated, use preg_replace_callback instead E:\www\base\Core\Lib\Template\ThinkTemplate.class.php Á¨¨ 404 Ë°å.
NOTIC: [8192] preg_replace(): The /e modifier is deprecated, use preg_replace_callback instead E:\www\base\Core\Lib\Template\ThinkTemplate.class.php Á¨¨ 404 Ë°å.
NOTIC: [8192] preg_replace(): The /e modifier is deprecated, use preg_replace_callback instead E:\www\base\Core\Lib\Template\ThinkTemplate.class.php Á¨¨ 404 Ë°å.
NOTIC: [8192] preg_replace(): The /e modifier is deprecated, use preg_replace_callback instead E:\www\base\Core\Lib\Template\ThinkTemplate.class.php Á¨¨ 404 Ë°å.
NOTIC: [8192] preg_replace(): The /e modifier is deprecated, use preg_replace_callback instead E:\www\base\Core\Lib\Template\ThinkTemplate.class.php Á¨¨ 404 Ë°å.
NOTIC: [8192] preg_replace(): The /e modifier is deprecated, use preg_replace_callback instead E:\www\base\Core\Lib\Template\ThinkTemplate.class.php Á¨¨ 404 Ë°å.
NOTIC: [8192] preg_replace(): The /e modifier is deprecated, use preg_replace_callback instead E:\www\base\Core\Lib\Template\ThinkTemplate.class.php Á¨¨ 404 Ë°å.
NOTIC: [8192] preg_replace(): The /e modifier is deprecated, use preg_replace_callback instead E:\www\base\Core\Lib\Template\ThinkTemplate.class.php Á¨¨ 404 Ë°å.
NOTIC: [8192] preg_replace(): The /e modifier is deprecated, use preg_replace_callback instead E:\www\base\Core\Lib\Template\ThinkTemplate.class.php Á¨¨ 404 Ë°å.
NOTIC: [8192] preg_replace(): The /e modifier is deprecated, use preg_replace_callback instead E:\www\base\Core\Lib\Template\ThinkTemplate.class.php Á¨¨ 404 Ë°å.
NOTIC: [8192] preg_replace(): The /e modifier is deprecated, use preg_replace_callback instead E:\www\base\Core\Lib\Template\ThinkTemplate.class.php Á¨¨ 404 Ë°å.
NOTIC: [8192] preg_replace(): The /e modifier is deprecated, use preg_replace_callback instead E:\www\base\Core\Lib\Template\ThinkTemplate.class.php Á¨¨ 404 Ë°å.
NOTIC: [8192] preg_replace(): The /e modifier is deprecated, use preg_replace_callback instead E:\www\base\Core\Lib\Template\ThinkTemplate.class.php Á¨¨ 404 Ë°å.
NOTIC: [8192] preg_replace(): The /e modifier is deprecated, use preg_replace_callback instead E:\www\base\Core\Lib\Template\ThinkTemplate.class.php Á¨¨ 404 Ë°å.
NOTIC: [8192] preg_replace(): The /e modifier is deprecated, use preg_replace_callback instead E:\www\base\Core\Lib\Template\ThinkTemplate.class.php Á¨¨ 404 Ë°å.
NOTIC: [8192] preg_replace(): The /e modifier is deprecated, use preg_replace_callback instead E:\www\base\Core\Lib\Template\ThinkTemplate.class.php Á¨¨ 404 Ë°å.
NOTIC: [8192] preg_replace(): The /e modifier is deprecated, use preg_replace_callback instead E:\www\base\Core\Lib\Template\ThinkTemplate.class.php Á¨¨ 404 Ë°å.
NOTIC: [8192] preg_replace(): The /e modifier is deprecated, use preg_replace_callback instead E:\www\base\Core\Lib\Template\ThinkTemplate.class.php Á¨¨ 404 Ë°å.
NOTIC: [8192] preg_replace(): The /e modifier is deprecated, use preg_replace_callback instead E:\www\base\Core\Lib\Template\ThinkTemplate.class.php Á¨¨ 404 Ë°å.
NOTIC: [8192] preg_replace(): The /e modifier is deprecated, use preg_replace_callback instead E:\www\base\Core\Lib\Template\ThinkTemplate.class.php Á¨¨ 404 Ë°å.
NOTIC: [8192] preg_replace(): The /e modifier is deprecated, use preg_replace_callback instead E:\www\base\Core\Lib\Template\ThinkTemplate.class.php Á¨¨ 404 Ë°å.
NOTIC: [8192] preg_replace(): The /e modifier is deprecated, use preg_replace_callback instead E:\www\base\Core\Lib\Template\ThinkTemplate.class.php Á¨¨ 404 Ë°å.
NOTIC: [8192] preg_replace(): The /e modifier is deprecated, use preg_replace_callback instead E:\www\base\Core\Lib\Template\ThinkTemplate.class.php Á¨¨ 404 Ë°å.
NOTIC: [8192] preg_replace(): The /e modifier is deprecated, use preg_replace_callback instead E:\www\base\Core\Lib\Template\ThinkTemplate.class.php Á¨¨ 404 Ë°å.
NOTIC: [8192] preg_replace(): The /e modifier is deprecated, use preg_replace_callback instead E:\www\base\Core\Lib\Template\ThinkTemplate.class.php Á¨¨ 404 Ë°å.
NOTIC: [8192] preg_replace(): The /e modifier is deprecated, use preg_replace_callback instead E:\www\base\Core\Lib\Template\ThinkTemplate.class.php Á¨¨ 404 Ë°å.
NOTIC: [8192] preg_replace(): The /e modifier is deprecated, use preg_replace_callback instead E:\www\base\Core\Lib\Template\ThinkTemplate.class.php Á¨¨ 404 Ë°å.
NOTIC: [8192] preg_replace(): The /e modifier is deprecated, use preg_replace_callback instead E:\www\base\Core\Lib\Template\ThinkTemplate.class.php Á¨¨ 404 Ë°å.
NOTIC: [8192] preg_replace(): The /e modifier is deprecated, use preg_replace_callback instead E:\www\base\Core\Lib\Template\ThinkTemplate.class.php Á¨¨ 404 Ë°å.
NOTIC: [8192] preg_replace(): The /e modifier is deprecated, use preg_replace_callback instead E:\www\base\Core\Lib\Template\ThinkTemplate.class.php Á¨¨ 404 Ë°å.
NOTIC: [8192] preg_replace(): The /e modifier is deprecated, use preg_replace_callback instead E:\www\base\Core\Lib\Template\ThinkTemplate.class.php Á¨¨ 404 Ë°å.
NOTIC: [8192] preg_replace(): The /e modifier is deprecated, use preg_replace_callback instead E:\www\base\Core\Lib\Template\ThinkTemplate.class.php Á¨¨ 404 Ë°å.
NOTIC: [8192] preg_replace(): The /e modifier is deprecated, use preg_replace_callback instead E:\www\base\Core\Lib\Template\ThinkTemplate.class.php Á¨¨ 404 Ë°å.
NOTIC: [8192] preg_replace(): The /e modifier is deprecated, use preg_replace_callback instead E:\www\base\Core\Lib\Template\ThinkTemplate.class.php Á¨¨ 404 Ë°å.
NOTIC: [8192] preg_replace(): The /e modifier is deprecated, use preg_replace_callback instead E:\www\base\Core\Lib\Template\ThinkTemplate.class.php Á¨¨ 404 Ë°å.
NOTIC: [8192] preg_replace(): The /e modifier is deprecated, use preg_replace_callback instead E:\www\base\Core\Lib\Template\ThinkTemplate.class.php Á¨¨ 404 Ë°å.
NOTIC: [8192] preg_replace(): The /e modifier is deprecated, use preg_replace_callback instead E:\www\base\Core\Lib\Template\ThinkTemplate.class.php Á¨¨ 404 Ë°å.
NOTIC: [8192] preg_replace(): The /e modifier is deprecated, use preg_replace_callback instead E:\www\base\Core\Lib\Template\ThinkTemplate.class.php Á¨¨ 404 Ë°å.
NOTIC: [8192] preg_replace(): The /e modifier is deprecated, use preg_replace_callback instead E:\www\base\Core\Lib\Template\ThinkTemplate.class.php Á¨¨ 404 Ë°å.
NOTIC: [8192] preg_replace(): The /e modifier is deprecated, use preg_replace_callback instead E:\www\base\Core\Lib\Template\ThinkTemplate.class.php Á¨¨ 404 Ë°å.
NOTIC: [8192] preg_replace(): The /e modifier is deprecated, use preg_replace_callback instead E:\www\base\Core\Lib\Template\ThinkTemplate.class.php Á¨¨ 404 Ë°å.
NOTIC: [8192] preg_replace(): The /e modifier is deprecated, use preg_replace_callback instead E:\www\base\Core\Lib\Template\ThinkTemplate.class.php Á¨¨ 404 Ë°å.
NOTIC: [8192] preg_replace(): The /e modifier is deprecated, use preg_replace_callback instead E:\www\base\Core\Lib\Template\ThinkTemplate.class.php Á¨¨ 404 Ë°å.
NOTIC: [8192] preg_replace(): The /e modifier is deprecated, use preg_replace_callback instead E:\www\base\Core\Lib\Template\ThinkTemplate.class.php Á¨¨ 404 Ë°å.
NOTIC: [8192] preg_replace(): The /e modifier is deprecated, use preg_replace_callback instead E:\www\base\Core\Lib\Template\ThinkTemplate.class.php Á¨¨ 404 Ë°å.
NOTIC: [8192] preg_replace(): The /e modifier is deprecated, use preg_replace_callback instead E:\www\base\Core\Lib\Template\ThinkTemplate.class.php Á¨¨ 404 Ë°å.
NOTIC: [8192] preg_replace(): The /e modifier is deprecated, use preg_replace_callback instead E:\www\base\Core\Lib\Template\ThinkTemplate.class.php Á¨¨ 404 Ë°å.
NOTIC: [8192] preg_replace(): The /e modifier is deprecated, use preg_replace_callback instead E:\www\base\Core\Lib\Template\ThinkTemplate.class.php Á¨¨ 404 Ë°å.
NOTIC: [8192] preg_replace(): The /e modifier is deprecated, use preg_replace_callback instead E:\www\base\Core\Lib\Template\ThinkTemplate.class.php Á¨¨ 404 Ë°å.
NOTIC: [8192] preg_replace(): The /e modifier is deprecated, use preg_replace_callback instead E:\www\base\Core\Lib\Template\ThinkTemplate.class.php Á¨¨ 404 Ë°å.
NOTIC: [8192] preg_replace(): The /e modifier is deprecated, use preg_replace_callback instead E:\www\base\Core\Lib\Template\ThinkTemplate.class.php Á¨¨ 399 Ë°å.
NOTIC: [8192] preg_replace(): The /e modifier is deprecated, use preg_replace_callback instead E:\www\base\Core\Lib\Template\ThinkTemplate.class.php Á¨¨ 399 Ë°å.
NOTIC: [8192] preg_replace(): The /e modifier is deprecated, use preg_replace_callback instead E:\www\base\Core\Lib\Template\ThinkTemplate.class.php Á¨¨ 399 Ë°å.
NOTIC: [8192] preg_replace(): The /e modifier is deprecated, use preg_replace_callback instead E:\www\base\Core\Lib\Template\ThinkTemplate.class.php Á¨¨ 399 Ë°å.
NOTIC: [8192] preg_replace(): The /e modifier is deprecated, use preg_replace_callback instead E:\www\base\Core\Lib\Template\ThinkTemplate.class.php Á¨¨ 399 Ë°å.
NOTIC: [8192] preg_replace(): The /e modifier is deprecated, use preg_replace_callback instead E:\www\base\Core\Lib\Template\ThinkTemplate.class.php Á¨¨ 399 Ë°å.
NOTIC: [8192] preg_replace(): The /e modifier is deprecated, use preg_replace_callback instead E:\www\base\Core\Lib\Template\ThinkTemplate.class.php Á¨¨ 404 Ë°å.
NOTIC: [8192] preg_replace(): The /e modifier is deprecated, use preg_replace_callback instead E:\www\base\Core\Lib\Template\ThinkTemplate.class.php Á¨¨ 404 Ë°å.
NOTIC: [8192] preg_replace(): The /e modifier is deprecated, use preg_replace_callback instead E:\www\base\Core\Lib\Template\ThinkTemplate.class.php Á¨¨ 404 Ë°å.
NOTIC: [8192] preg_replace(): The /e modifier is deprecated, use preg_replace_callback instead E:\www\base\Core\Lib\Template\ThinkTemplate.class.php Á¨¨ 197 Ë°å.
NOTIC: [8192] preg_replace(): The /e modifier is deprecated, use preg_replace_callback instead E:\www\base\Core\Lib\Template\ThinkTemplate.class.php Á¨¨ 137 Ë°å.
INFO: Run ParseTemplate Behavior [ RunTime:0.033002s ]
INFO: [ view_parse ] --END-- [ RunTime:0.033002s ]
INFO: [ view_filter ] --START--
INFO: Run ContentReplace Behavior [ RunTime:0.002000s ]
INFO: Run TokenBuild Behavior [ RunTime:0.001000s ]
INFO: Run WriteHtmlCache Behavior [ RunTime:0.001000s ]
INFO: Run ShowRuntime Behavior [ RunTime:0.001000s ]
INFO: [ view_filter ] --END-- [ RunTime:0.005000s ]
INFO: [ view_end ] --START--
INFO: Run ShowPageTrace Behavior [ RunTime:0.002000s ]
INFO: [ view_end ] --END-- [ RunTime:0.002000s ]

[ 2017-02-08T10:50:11+08:00 ] 192.168.31.56 /base/Sys-login.html
INFO: [ route_check ] --START--
INFO: Run CheckRoute Behavior [ RunTime:0.000000s ]
INFO: [ route_check ] --END-- [ RunTime:0.000000s ]
NOTIC: [8192] preg_replace(): The /e modifier is deprecated, use preg_replace_callback instead E:\www\base\Core\Lib\Core\Dispatcher.class.php Á¨¨ 125 Ë°å.
INFO: [ app_begin ] --START--
INFO: Run ReadHtmlCache Behavior [ RunTime:0.000000s ]
INFO: [ app_begin ] --END-- [ RunTime:0.000000s ]
NOTIC: [8192] mysql_connect(): The mysql extension is deprecated and will be removed in the future: use mysqli or PDO instead E:\www\base\Core\Lib\Driver\Db\DbMysql.class.php Á¨¨ 55 Ë°å.
SQL: SHOW COLUMNS FROM `bingo_sys_user` [ RunTime:0.035002s ]
NOTIC: [8192] preg_replace(): The /e modifier is deprecated, use preg_replace_callback instead E:\www\base\Core\Lib\Core\Db.class.php Á¨¨ 601 Ë°å.
SQL: SELECT * FROM `bingo_sys_user` WHERE ( `user` = 'admin' ) AND ( `pwd` = 'e10adc3949ba59abbe56e057f20f883e' ) LIMIT 1   [ RunTime:0.000000s ]
SQL: SHOW COLUMNS FROM `bingo_sys_group_access` [ RunTime:0.026001s ]
NOTIC: [8192] preg_replace(): The /e modifier is deprecated, use preg_replace_callback instead E:\www\base\Core\Lib\Core\Db.class.php Á¨¨ 601 Ë°å.
SQL: SELECT * FROM `bingo_sys_group_access` WHERE ( `uid` = 1 ) LIMIT 1   [ RunTime:0.000000s ]
SQL: SHOW COLUMNS FROM `bingo_sys_logs` [ RunTime:0.022002s ]
NOTIC: [8192] preg_replace(): The /e modifier is deprecated, use preg_replace_callback instead E:\www\base\Core\Lib\Core\Db.class.php Á¨¨ 601 Ë°å.
SQL: SELECT MAX(addtime) AS tp_max FROM `bingo_sys_logs` WHERE ( `uid` = 1 ) AND ( `event` LIKE '%ÁôªÂΩï%' ) LIMIT 1   [ RunTime:0.000000s ]
SQL: INSERT INTO `bingo_sys_logs` (`event`,`uid`,`addtime`,`addip`) VALUES ('Á≥ªÁªüÁÆ°ÁêÜÂëòadminÁôªÂΩïÂêéÂè∞„Ä\Ç',1,1486522210,'192.168.31.56') [ RunTime:0.099005s ]

[ 2017-02-08T10:50:12+08:00 ] 192.168.31.56 /base/Sys-index
INFO: [ route_check ] --START--
INFO: Run CheckRoute Behavior [ RunTime:0.000000s ]
INFO: [ route_check ] --END-- [ RunTime:0.000000s ]
NOTIC: [8192] preg_replace(): The /e modifier is deprecated, use preg_replace_callback instead E:\www\base\Core\Lib\Core\Dispatcher.class.php Á¨¨ 125 Ë°å.
INFO: [ app_begin ] --START--
INFO: Run ReadHtmlCache Behavior [ RunTime:0.001000s ]
INFO: [ app_begin ] --END-- [ RunTime:0.001000s ]
NOTIC: [8192] mysql_connect(): The mysql extension is deprecated and will be removed in the future: use mysqli or PDO instead E:\www\base\Core\Lib\Driver\Db\DbMysql.class.php Á¨¨ 55 Ë°å.
SQL: SHOW COLUMNS FROM `bingo_sys_logs` [ RunTime:0.004000s ]
NOTIC: [8192] preg_replace(): The /e modifier is deprecated, use preg_replace_callback instead E:\www\base\Core\Lib\Core\Db.class.php Á¨¨ 601 Ë°å.
SQL: SELECT * FROM `bingo_sys_logs` WHERE ( `uid` = 1 ) ORDER BY addtime desc LIMIT 0,10   [ RunTime:0.001000s ]
NOTIC: [8192] preg_replace(): The /e modifier is deprecated, use preg_replace_callback instead E:\www\base\Core\Lib\Core\Db.class.php Á¨¨ 601 Ë°å.
SQL: SELECT COUNT(*) AS tp_count FROM `bingo_sys_logs` WHERE ( `uid` = 1 ) LIMIT 1   [ RunTime:0.000000s ]
INFO: [ view_template ] --START--
INFO: Run LocationTemplate Behavior [ RunTime:0.001001s ]
INFO: [ view_template ] --END-- [ RunTime:0.001001s ]
INFO: [ view_parse ] --START--
NOTIC: [8192] preg_replace(): The /e modifier is deprecated, use preg_replace_callback instead E:\www\base\Core\Lib\Template\ThinkTemplate.class.php Á¨¨ 266 Ë°å.
NOTIC: [8192] preg_replace(): The /e modifier is deprecated, use preg_replace_callback instead E:\www\base\Core\Lib\Template\ThinkTemplate.class.php Á¨¨ 271 Ë°å.
NOTIC: [8192] preg_replace(): The /e modifier is deprecated, use preg_replace_callback instead E:\www\base\Core\Lib\Template\ThinkTemplate.class.php Á¨¨ 273 Ë°å.
NOTIC: [8192] preg_replace(): The /e modifier is deprecated, use preg_replace_callback instead E:\www\base\Core\Lib\Template\ThinkTemplate.class.php Á¨¨ 273 Ë°å.
NOTIC: [8192] preg_replace(): The /e modifier is deprecated, use preg_replace_callback instead E:\www\base\Core\Lib\Template\ThinkTemplate.class.php Á¨¨ 168 Ë°å.
NOTIC: [8192] preg_replace(): The /e modifier is deprecated, use preg_replace_callback instead E:\www\base\Core\Lib\Template\ThinkTemplate.class.php Á¨¨ 404 Ë°å.
NOTIC: [8192] preg_replace(): The /e modifier is deprecated, use preg_replace_callback instead E:\www\base\Core\Lib\Template\ThinkTemplate.class.php Á¨¨ 404 Ë°å.
NOTIC: [8192] preg_replace(): The /e modifier is deprecated, use preg_replace_callback instead E:\www\base\Core\Lib\Template\ThinkTemplate.class.php Á¨¨ 404 Ë°å.
NOTIC: [8192] preg_replace(): The /e modifier is deprecated, use preg_replace_callback instead E:\www\base\Core\Lib\Template\ThinkTemplate.class.php Á¨¨ 404 Ë°å.
NOTIC: [8192] preg_replace(): The /e modifier is deprecated, use preg_replace_callback instead E:\www\base\Core\Lib\Template\ThinkTemplate.class.php Á¨¨ 404 Ë°å.
NOTIC: [8192] preg_replace(): The /e modifier is deprecated, use preg_replace_callback instead E:\www\base\Core\Lib\Template\ThinkTemplate.class.php Á¨¨ 273 Ë°å.
NOTIC: [8192] preg_replace(): The /e modifier is deprecated, use preg_replace_callback instead E:\www\base\Core\Lib\Template\ThinkTemplate.class.php Á¨¨ 168 Ë°å.
NOTIC: [8192] preg_replace(): The /e modifier is deprecated, use preg_replace_callback instead E:\www\base\Core\Lib\Template\ThinkTemplate.class.php Á¨¨ 404 Ë°å.
NOTIC: [8192] preg_replace(): The /e modifier is deprecated, use preg_replace_callback instead E:\www\base\Core\Lib\Template\ThinkTemplate.class.php Á¨¨ 404 Ë°å.
NOTIC: [8192] preg_replace(): The /e modifier is deprecated, use preg_replace_callback instead E:\www\base\Core\Lib\Template\ThinkTemplate.class.php Á¨¨ 404 Ë°å.
NOTIC: [8192] preg_replace(): The /e modifier is deprecated, use preg_replace_callback instead E:\www\base\Core\Lib\Template\ThinkTemplate.class.php Á¨¨ 404 Ë°å.
NOTIC: [8192] preg_replace(): The /e modifier is deprecated, use preg_replace_callback instead E:\www\base\Core\Lib\Template\ThinkTemplate.class.php Á¨¨ 404 Ë°å.
NOTIC: [8192] preg_replace(): The /e modifier is deprecated, use preg_replace_callback instead E:\www\base\Core\Lib\Template\ThinkTemplate.class.php Á¨¨ 404 Ë°å.
NOTIC: [8192] preg_replace(): The /e modifier is deprecated, use preg_replace_callback instead E:\www\base\Core\Lib\Template\ThinkTemplate.class.php Á¨¨ 404 Ë°å.
NOTIC: [8192] preg_replace(): The /e modifier is deprecated, use preg_replace_callback instead E:\www\base\Core\Lib\Template\ThinkTemplate.class.php Á¨¨ 404 Ë°å.
NOTIC: [8192] preg_replace(): The /e modifier is deprecated, use preg_replace_callback instead E:\www\base\Core\Lib\Template\ThinkTemplate.class.php Á¨¨ 404 Ë°å.
NOTIC: [8192] preg_replace(): The /e modifier is deprecated, use preg_replace_callback instead E:\www\base\Core\Lib\Template\ThinkTemplate.class.php Á¨¨ 404 Ë°å.
NOTIC: [8192] preg_replace(): The /e modifier is deprecated, use preg_replace_callback instead E:\www\base\Core\Lib\Template\ThinkTemplate.class.php Á¨¨ 404 Ë°å.
NOTIC: [8192] preg_replace(): The /e modifier is deprecated, use preg_replace_callback instead E:\www\base\Core\Lib\Template\ThinkTemplate.class.php Á¨¨ 404 Ë°å.
NOTIC: [8192] preg_replace(): The /e modifier is deprecated, use preg_replace_callback instead E:\www\base\Core\Lib\Template\ThinkTemplate.class.php Á¨¨ 399 Ë°å.
NOTIC: [8192] preg_replace(): The /e modifier is deprecated, use preg_replace_callback instead E:\www\base\Core\Lib\Template\ThinkTemplate.class.php Á¨¨ 399 Ë°å.
NOTIC: [8192] preg_replace(): The /e modifier is deprecated, use preg_replace_callback instead E:\www\base\Core\Lib\Template\ThinkTemplate.class.php Á¨¨ 404 Ë°å.
NOTIC: [8192] preg_replace(): The /e modifier is deprecated, use preg_replace_callback instead E:\www\base\Core\Lib\Template\ThinkTemplate.class.php Á¨¨ 404 Ë°å.
NOTIC: [8192] preg_replace(): The /e modifier is deprecated, use preg_replace_callback instead E:\www\base\Core\Lib\Template\ThinkTemplate.class.php Á¨¨ 404 Ë°å.
NOTIC: [8192] preg_replace(): The /e modifier is deprecated, use preg_replace_callback instead E:\www\base\Core\Lib\Template\ThinkTemplate.class.php Á¨¨ 399 Ë°å.
NOTIC: [8192] preg_replace(): The /e modifier is deprecated, use preg_replace_callback instead E:\www\base\Core\Lib\Template\ThinkTemplate.class.php Á¨¨ 404 Ë°å.
NOTIC: [8192] preg_replace(): The /e modifier is deprecated, use preg_replace_callback instead E:\www\base\Core\Lib\Template\ThinkTemplate.class.php Á¨¨ 404 Ë°å.
NOTIC: [8192] preg_replace(): The /e modifier is deprecated, use preg_replace_callback instead E:\www\base\Core\Lib\Template\ThinkTemplate.class.php Á¨¨ 404 Ë°å.
NOTIC: [8192] preg_replace(): The /e modifier is deprecated, use preg_replace_callback instead E:\www\base\Core\Lib\Template\ThinkTemplate.class.php Á¨¨ 404 Ë°å.
NOTIC: [8192] preg_replace(): The /e modifier is deprecated, use preg_replace_callback instead E:\www\base\Core\Lib\Template\ThinkTemplate.class.php Á¨¨ 404 Ë°å.
NOTIC: [8192] preg_replace(): The /e modifier is deprecated, use preg_replace_callback instead E:\www\base\Core\Lib\Template\ThinkTemplate.class.php Á¨¨ 404 Ë°å.
NOTIC: [8192] preg_replace(): The /e modifier is deprecated, use preg_replace_callback instead E:\www\base\Core\Lib\Template\ThinkTemplate.class.php Á¨¨ 404 Ë°å.
NOTIC: [8192] preg_replace(): The /e modifier is deprecated, use preg_replace_callback instead E:\www\base\Core\Lib\Template\ThinkTemplate.class.php Á¨¨ 404 Ë°å.
NOTIC: [8192] preg_replace(): The /e modifier is deprecated, use preg_replace_callback instead E:\www\base\Core\Lib\Template\ThinkTemplate.class.php Á¨¨ 404 Ë°å.
NOTIC: [8192] preg_replace(): The /e modifier is deprecated, use preg_replace_callback instead E:\www\base\Core\Lib\Template\ThinkTemplate.class.php Á¨¨ 404 Ë°å.
NOTIC: [8192] preg_replace(): The /e modifier is deprecated, use preg_replace_callback instead E:\www\base\Core\Lib\Template\ThinkTemplate.class.php Á¨¨ 404 Ë°å.
NOTIC: [8192] preg_replace(): The /e modifier is deprecated, use preg_replace_callback instead E:\www\base\Core\Lib\Template\ThinkTemplate.class.php Á¨¨ 404 Ë°å.
NOTIC: [8192] preg_replace(): The /e modifier is deprecated, use preg_replace_callback instead E:\www\base\Core\Lib\Template\ThinkTemplate.class.php Á¨¨ 404 Ë°å.
NOTIC: [8192] preg_replace(): The /e modifier is deprecated, use preg_replace_callback instead E:\www\base\Core\Lib\Template\ThinkTemplate.class.php Á¨¨ 404 Ë°å.
NOTIC: [8192] preg_replace(): The /e modifier is deprecated, use preg_replace_callback instead E:\www\base\Core\Lib\Template\ThinkTemplate.class.php Á¨¨ 404 Ë°å.
NOTIC: [8192] preg_replace(): The /e modifier is deprecated, use preg_replace_callback instead E:\www\base\Core\Lib\Template\ThinkTemplate.class.php Á¨¨ 404 Ë°å.
NOTIC: [8192] preg_replace(): The /e modifier is deprecated, use preg_replace_callback instead E:\www\base\Core\Lib\Template\ThinkTemplate.class.php Á¨¨ 404 Ë°å.
NOTIC: [8192] preg_replace(): The /e modifier is deprecated, use preg_replace_callback instead E:\www\base\Core\Lib\Template\ThinkTemplate.class.php Á¨¨ 404 Ë°å.
NOTIC: [8192] preg_replace(): The /e modifier is deprecated, use preg_replace_callback instead E:\www\base\Core\Lib\Template\ThinkTemplate.class.php Á¨¨ 404 Ë°å.
NOTIC: [8192] preg_replace(): The /e modifier is deprecated, use preg_replace_callback instead E:\www\base\Core\Lib\Template\ThinkTemplate.class.php Á¨¨ 404 Ë°å.
NOTIC: [8192] preg_replace(): The /e modifier is deprecated, use preg_replace_callback instead E:\www\base\Core\Lib\Template\ThinkTemplate.class.php Á¨¨ 404 Ë°å.
NOTIC: [8192] preg_replace(): The /e modifier is deprecated, use preg_replace_callback instead E:\www\base\Core\Lib\Template\ThinkTemplate.class.php Á¨¨ 404 Ë°å.
NOTIC: [8192] preg_replace(): The /e modifier is deprecated, use preg_replace_callback instead E:\www\base\Core\Lib\Template\ThinkTemplate.class.php Á¨¨ 404 Ë°å.
NOTIC: [8192] preg_replace(): The /e modifier is deprecated, use preg_replace_callback instead E:\www\base\Core\Lib\Template\ThinkTemplate.class.php Á¨¨ 404 Ë°å.
NOTIC: [8192] preg_replace(): The /e modifier is deprecated, use preg_replace_callback instead E:\www\base\Core\Lib\Template\ThinkTemplate.class.php Á¨¨ 404 Ë°å.
NOTIC: [8192] preg_replace(): The /e modifier is deprecated, use preg_replace_callback instead E:\www\base\Core\Lib\Template\ThinkTemplate.class.php Á¨¨ 404 Ë°å.
NOTIC: [8192] preg_replace(): The /e modifier is deprecated, use preg_replace_callback instead E:\www\base\Core\Lib\Template\ThinkTemplate.class.php Á¨¨ 404 Ë°å.
NOTIC: [8192] preg_replace(): The /e modifier is deprecated, use preg_replace_callback instead E:\www\base\Core\Lib\Template\ThinkTemplate.class.php Á¨¨ 404 Ë°å.
NOTIC: [8192] preg_replace(): The /e modifier is deprecated, use preg_replace_callback instead E:\www\base\Core\Lib\Template\ThinkTemplate.class.php Á¨¨ 404 Ë°å.
NOTIC: [8192] preg_replace(): The /e modifier is deprecated, use preg_replace_callback instead E:\www\base\Core\Lib\Template\ThinkTemplate.class.php Á¨¨ 404 Ë°å.
NOTIC: [8192] preg_replace(): The /e modifier is deprecated, use preg_replace_callback instead E:\www\base\Core\Lib\Template\ThinkTemplate.class.php Á¨¨ 404 Ë°å.
NOTIC: [8192] preg_replace(): The /e modifier is deprecated, use preg_replace_callback instead E:\www\base\Core\Lib\Template\ThinkTemplate.class.php Á¨¨ 404 Ë°å.
NOTIC: [8192] preg_replace(): The /e modifier is deprecated, use preg_replace_callback instead E:\www\base\Core\Lib\Template\ThinkTemplate.class.php Á¨¨ 404 Ë°å.
NOTIC: [8192] preg_replace(): The /e modifier is deprecated, use preg_replace_callback instead E:\www\base\Core\Lib\Template\ThinkTemplate.class.php Á¨¨ 404 Ë°å.
NOTIC: [8192] preg_replace(): The /e modifier is deprecated, use preg_replace_callback instead E:\www\base\Core\Lib\Template\ThinkTemplate.class.php Á¨¨ 404 Ë°å.
NOTIC: [8192] preg_replace(): The /e modifier is deprecated, use preg_replace_callback instead E:\www\base\Core\Lib\Template\ThinkTemplate.class.php Á¨¨ 404 Ë°å.
NOTIC: [8192] preg_replace(): The /e modifier is deprecated, use preg_replace_callback instead E:\www\base\Core\Lib\Template\ThinkTemplate.class.php Á¨¨ 404 Ë°å.
NOTIC: [8192] preg_replace(): The /e modifier is deprecated, use preg_replace_callback instead E:\www\base\Core\Lib\Template\ThinkTemplate.class.php Á¨¨ 404 Ë°å.
NOTIC: [8192] preg_replace(): The /e modifier is deprecated, use preg_replace_callback instead E:\www\base\Core\Lib\Template\ThinkTemplate.class.php Á¨¨ 404 Ë°å.
NOTIC: [8192] preg_replace(): The /e modifier is deprecated, use preg_replace_callback instead E:\www\base\Core\Lib\Template\ThinkTemplate.class.php Á¨¨ 404 Ë°å.
NOTIC: [8192] preg_replace(): The /e modifier is deprecated, use preg_replace_callback instead E:\www\base\Core\Lib\Template\ThinkTemplate.class.php Á¨¨ 404 Ë°å.
NOTIC: [8192] preg_replace(): The /e modifier is deprecated, use preg_replace_callback instead E:\www\base\Core\Lib\Template\ThinkTemplate.class.php Á¨¨ 404 Ë°å.
NOTIC: [8192] preg_replace(): The /e modifier is deprecated, use preg_replace_callback instead E:\www\base\Core\Lib\Template\ThinkTemplate.class.php Á¨¨ 404 Ë°å.
NOTIC: [8192] preg_replace(): The /e modifier is deprecated, use preg_replace_callback instead E:\www\base\Core\Lib\Template\ThinkTemplate.class.php Á¨¨ 404 Ë°å.
NOTIC: [8192] preg_replace(): The /e modifier is deprecated, use preg_replace_callback instead E:\www\base\Core\Lib\Template\ThinkTemplate.class.php Á¨¨ 404 Ë°å.
NOTIC: [8192] preg_replace(): The /e modifier is deprecated, use preg_replace_callback instead E:\www\base\Core\Lib\Template\ThinkTemplate.class.php Á¨¨ 404 Ë°å.
NOTIC: [8192] preg_replace(): The /e modifier is deprecated, use preg_replace_callback instead E:\www\base\Core\Lib\Template\ThinkTemplate.class.php Á¨¨ 404 Ë°å.
NOTIC: [8192] preg_replace(): The /e modifier is deprecated, use preg_replace_callback instead E:\www\base\Core\Lib\Template\ThinkTemplate.class.php Á¨¨ 404 Ë°å.
NOTIC: [8192] preg_replace(): The /e modifier is deprecated, use preg_replace_callback instead E:\www\base\Core\Lib\Template\ThinkTemplate.class.php Á¨¨ 404 Ë°å.
NOTIC: [8192] preg_replace(): The /e modifier is deprecated, use preg_replace_callback instead E:\www\base\Core\Lib\Template\ThinkTemplate.class.php Á¨¨ 404 Ë°å.
NOTIC: [8192] preg_replace(): The /e modifier is deprecated, use preg_replace_callback instead E:\www\base\Core\Lib\Template\ThinkTemplate.class.php Á¨¨ 404 Ë°å.
NOTIC: [8192] preg_replace(): The /e modifier is deprecated, use preg_replace_callback instead E:\www\base\Core\Lib\Template\ThinkTemplate.class.php Á¨¨ 404 Ë°å.
NOTIC: [8192] preg_replace(): The /e modifier is deprecated, use preg_replace_callback instead E:\www\base\Core\Lib\Template\ThinkTemplate.class.php Á¨¨ 404 Ë°å.
NOTIC: [8192] preg_replace(): The /e modifier is deprecated, use preg_replace_callback instead E:\www\base\Core\Lib\Template\ThinkTemplate.class.php Á¨¨ 404 Ë°å.
NOTIC: [8192] preg_replace(): The /e modifier is deprecated, use preg_replace_callback instead E:\www\base\Core\Lib\Template\ThinkTemplate.class.php Á¨¨ 404 Ë°å.
NOTIC: [8192] preg_replace(): The /e modifier is deprecated, use preg_replace_callback instead E:\www\base\Core\Lib\Template\ThinkTemplate.class.php Á¨¨ 404 Ë°å.
NOTIC: [8192] preg_replace(): The /e modifier is deprecated, use preg_replace_callback instead E:\www\base\Core\Lib\Template\ThinkTemplate.class.php Á¨¨ 404 Ë°å.
NOTIC: [8192] preg_replace(): The /e modifier is deprecated, use preg_replace_callback instead E:\www\base\Core\Lib\Template\ThinkTemplate.class.php Á¨¨ 404 Ë°å.
NOTIC: [8192] preg_replace(): The /e modifier is deprecated, use preg_replace_callback instead E:\www\base\Core\Lib\Template\ThinkTemplate.class.php Á¨¨ 404 Ë°å.
NOTIC: [8192] preg_replace(): The /e modifier is deprecated, use preg_replace_callback instead E:\www\base\Core\Lib\Template\ThinkTemplate.class.php Á¨¨ 404 Ë°å.
NOTIC: [8192] preg_replace(): The /e modifier is deprecated, use preg_replace_callback instead E:\www\base\Core\Lib\Template\ThinkTemplate.class.php Á¨¨ 404 Ë°å.
NOTIC: [8192] preg_replace(): The /e modifier is deprecated, use preg_replace_callback instead E:\www\base\Core\Lib\Template\ThinkTemplate.class.php Á¨¨ 404 Ë°å.
NOTIC: [8192] preg_replace(): The /e modifier is deprecated, use preg_replace_callback instead E:\www\base\Core\Lib\Template\ThinkTemplate.class.php Á¨¨ 404 Ë°å.
NOTIC: [8192] preg_replace(): The /e modifier is deprecated, use preg_replace_callback instead E:\www\base\Core\Lib\Template\ThinkTemplate.class.php Á¨¨ 404 Ë°å.
NOTIC: [8192] preg_replace(): The /e modifier is deprecated, use preg_replace_callback instead E:\www\base\Core\Lib\Template\ThinkTemplate.class.php Á¨¨ 404 Ë°å.
NOTIC: [8192] preg_replace(): The /e modifier is deprecated, use preg_replace_callback instead E:\www\base\Core\Lib\Template\ThinkTemplate.class.php Á¨¨ 404 Ë°å.
NOTIC: [8192] preg_replace(): The /e modifier is deprecated, use preg_replace_callback instead E:\www\base\Core\Lib\Template\ThinkTemplate.class.php Á¨¨ 399 Ë°å.
NOTIC: [8192] preg_replace(): The /e modifier is deprecated, use preg_replace_callback instead E:\www\base\Core\Lib\Template\ThinkTemplate.class.php Á¨¨ 399 Ë°å.
NOTIC: [8192] preg_replace(): The /e modifier is deprecated, use preg_replace_callback instead E:\www\base\Core\Lib\Template\ThinkTemplate.class.php Á¨¨ 399 Ë°å.
NOTIC: [8192] preg_replace(): The /e modifier is deprecated, use preg_replace_callback instead E:\www\base\Core\Lib\Template\ThinkTemplate.class.php Á¨¨ 399 Ë°å.
NOTIC: [8192] preg_replace(): The /e modifier is deprecated, use preg_replace_callback instead E:\www\base\Core\Lib\Template\ThinkTemplate.class.php Á¨¨ 399 Ë°å.
NOTIC: [8192] preg_replace(): The /e modifier is deprecated, use preg_replace_callback instead E:\www\base\Core\Lib\Template\ThinkTemplate.class.php Á¨¨ 399 Ë°å.
NOTIC: [8192] preg_replace(): The /e modifier is deprecated, use preg_replace_callback instead E:\www\base\Core\Lib\Template\ThinkTemplate.class.php Á¨¨ 404 Ë°å.
NOTIC: [8192] preg_replace(): The /e modifier is deprecated, use preg_replace_callback instead E:\www\base\Core\Lib\Template\ThinkTemplate.class.php Á¨¨ 404 Ë°å.
NOTIC: [8192] preg_replace(): The /e modifier is deprecated, use preg_replace_callback instead E:\www\base\Core\Lib\Template\ThinkTemplate.class.php Á¨¨ 404 Ë°å.
NOTIC: [8192] preg_replace(): The /e modifier is deprecated, use preg_replace_callback instead E:\www\base\Core\Lib\Template\ThinkTemplate.class.php Á¨¨ 197 Ë°å.
NOTIC: [8192] preg_replace(): The /e modifier is deprecated, use preg_replace_callback instead E:\www\base\Core\Lib\Template\ThinkTemplate.class.php Á¨¨ 404 Ë°å.
NOTIC: [8192] preg_replace(): The /e modifier is deprecated, use preg_replace_callback instead E:\www\base\Core\Lib\Template\ThinkTemplate.class.php Á¨¨ 404 Ë°å.
NOTIC: [8192] preg_replace(): The /e modifier is deprecated, use preg_replace_callback instead E:\www\base\Core\Lib\Template\ThinkTemplate.class.php Á¨¨ 404 Ë°å.
NOTIC: [8192] preg_replace(): The /e modifier is deprecated, use preg_replace_callback instead E:\www\base\Core\Lib\Template\ThinkTemplate.class.php Á¨¨ 404 Ë°å.
NOTIC: [8192] preg_replace(): The /e modifier is deprecated, use preg_replace_callback instead E:\www\base\Core\Lib\Template\ThinkTemplate.class.php Á¨¨ 404 Ë°å.
NOTIC: [8192] preg_replace(): The /e modifier is deprecated, use preg_replace_callback instead E:\www\base\Core\Lib\Template\ThinkTemplate.class.php Á¨¨ 404 Ë°å.
NOTIC: [8192] preg_replace(): The /e modifier is deprecated, use preg_replace_callback instead E:\www\base\Core\Lib\Template\ThinkTemplate.class.php Á¨¨ 404 Ë°å.
NOTIC: [8192] preg_replace(): The /e modifier is deprecated, use preg_replace_callback instead E:\www\base\Core\Lib\Template\ThinkTemplate.class.php Á¨¨ 399 Ë°å.
NOTIC: [8192] preg_replace(): The /e modifier is deprecated, use preg_replace_callback instead E:\www\base\Core\Lib\Template\ThinkTemplate.class.php Á¨¨ 399 Ë°å.
NOTIC: [8192] preg_replace(): The /e modifier is deprecated, use preg_replace_callback instead E:\www\base\Core\Lib\Template\ThinkTemplate.class.php Á¨¨ 404 Ë°å.
NOTIC: [8192] preg_replace(): The /e modifier is deprecated, use preg_replace_callback instead E:\www\base\Core\Lib\Template\ThinkTemplate.class.php Á¨¨ 404 Ë°å.
NOTIC: [8192] preg_replace(): The /e modifier is deprecated, use preg_replace_callback instead E:\www\base\Core\Lib\Template\ThinkTemplate.class.php Á¨¨ 404 Ë°å.
NOTIC: [8192] preg_replace(): The /e modifier is deprecated, use preg_replace_callback instead E:\www\base\Core\Lib\Template\ThinkTemplate.class.php Á¨¨ 399 Ë°å.
NOTIC: [8192] preg_replace(): The /e modifier is deprecated, use preg_replace_callback instead E:\www\base\Core\Lib\Template\ThinkTemplate.class.php Á¨¨ 404 Ë°å.
NOTIC: [8192] preg_replace(): The /e modifier is deprecated, use preg_replace_callback instead E:\www\base\Core\Lib\Template\ThinkTemplate.class.php Á¨¨ 404 Ë°å.
NOTIC: [8192] preg_replace(): The /e modifier is deprecated, use preg_replace_callback instead E:\www\base\Core\Lib\Template\ThinkTemplate.class.php Á¨¨ 404 Ë°å.
NOTIC: [8192] preg_replace(): The /e modifier is deprecated, use preg_replace_callback instead E:\www\base\Core\Lib\Template\ThinkTemplate.class.php Á¨¨ 404 Ë°å.
NOTIC: [8192] preg_replace(): The /e modifier is deprecated, use preg_replace_callback instead E:\www\base\Core\Lib\Template\ThinkTemplate.class.php Á¨¨ 404 Ë°å.
NOTIC: [8192] preg_replace(): The /e modifier is deprecated, use preg_replace_callback instead E:\www\base\Core\Lib\Template\ThinkTemplate.class.php Á¨¨ 404 Ë°å.
NOTIC: [8192] preg_replace(): The /e modifier is deprecated, use preg_replace_callback instead E:\www\base\Core\Lib\Template\ThinkTemplate.class.php Á¨¨ 404 Ë°å.
NOTIC: [8192] preg_replace(): The /e modifier is deprecated, use preg_replace_callback instead E:\www\base\Core\Lib\Template\ThinkTemplate.class.php Á¨¨ 404 Ë°å.
NOTIC: [8192] preg_replace(): The /e modifier is deprecated, use preg_replace_callback instead E:\www\base\Core\Lib\Template\ThinkTemplate.class.php Á¨¨ 404 Ë°å.
NOTIC: [8192] preg_replace(): The /e modifier is deprecated, use preg_replace_callback instead E:\www\base\Core\Lib\Template\ThinkTemplate.class.php Á¨¨ 404 Ë°å.
NOTIC: [8192] preg_replace(): The /e modifier is deprecated, use preg_replace_callback instead E:\www\base\Core\Lib\Template\ThinkTemplate.class.php Á¨¨ 404 Ë°å.
NOTIC: [8192] preg_replace(): The /e modifier is deprecated, use preg_replace_callback instead E:\www\base\Core\Lib\Template\ThinkTemplate.class.php Á¨¨ 404 Ë°å.
NOTIC: [8192] preg_replace(): The /e modifier is deprecated, use preg_replace_callback instead E:\www\base\Core\Lib\Template\ThinkTemplate.class.php Á¨¨ 404 Ë°å.
NOTIC: [8192] preg_replace(): The /e modifier is deprecated, use preg_replace_callback instead E:\www\base\Core\Lib\Template\ThinkTemplate.class.php Á¨¨ 404 Ë°å.
NOTIC: [8192] preg_replace(): The /e modifier is deprecated, use preg_replace_callback instead E:\www\base\Core\Lib\Template\ThinkTemplate.class.php Á¨¨ 404 Ë°å.
NOTIC: [8192] preg_replace(): The /e modifier is deprecated, use preg_replace_callback instead E:\www\base\Core\Lib\Template\ThinkTemplate.class.php Á¨¨ 404 Ë°å.
NOTIC: [8192] preg_replace(): The /e modifier is deprecated, use preg_replace_callback instead E:\www\base\Core\Lib\Template\ThinkTemplate.class.php Á¨¨ 404 Ë°å.
NOTIC: [8192] preg_replace(): The /e modifier is deprecated, use preg_replace_callback instead E:\www\base\Core\Lib\Template\ThinkTemplate.class.php Á¨¨ 404 Ë°å.
NOTIC: [8192] preg_replace(): The /e modifier is deprecated, use preg_replace_callback instead E:\www\base\Core\Lib\Template\ThinkTemplate.class.php Á¨¨ 404 Ë°å.
NOTIC: [8192] preg_replace(): The /e modifier is deprecated, use preg_replace_callback instead E:\www\base\Core\Lib\Template\ThinkTemplate.class.php Á¨¨ 404 Ë°å.
NOTIC: [8192] preg_replace(): The /e modifier is deprecated, use preg_replace_callback instead E:\www\base\Core\Lib\Template\ThinkTemplate.class.php Á¨¨ 404 Ë°å.
NOTIC: [8192] preg_replace(): The /e modifier is deprecated, use preg_replace_callback instead E:\www\base\Core\Lib\Template\ThinkTemplate.class.php Á¨¨ 404 Ë°å.
NOTIC: [8192] preg_replace(): The /e modifier is deprecated, use preg_replace_callback instead E:\www\base\Core\Lib\Template\ThinkTemplate.class.php Á¨¨ 404 Ë°å.
NOTIC: [8192] preg_replace(): The /e modifier is deprecated, use preg_replace_callback instead E:\www\base\Core\Lib\Template\ThinkTemplate.class.php Á¨¨ 404 Ë°å.
NOTIC: [8192] preg_replace(): The /e modifier is deprecated, use preg_replace_callback instead E:\www\base\Core\Lib\Template\ThinkTemplate.class.php Á¨¨ 404 Ë°å.
NOTIC: [8192] preg_replace(): The /e modifier is deprecated, use preg_replace_callback instead E:\www\base\Core\Lib\Template\ThinkTemplate.class.php Á¨¨ 404 Ë°å.
NOTIC: [8192] preg_replace(): The /e modifier is deprecated, use preg_replace_callback instead E:\www\base\Core\Lib\Template\ThinkTemplate.class.php Á¨¨ 404 Ë°å.
NOTIC: [8192] preg_replace(): The /e modifier is deprecated, use preg_replace_callback instead E:\www\base\Core\Lib\Template\ThinkTemplate.class.php Á¨¨ 404 Ë°å.
NOTIC: [8192] preg_replace(): The /e modifier is deprecated, use preg_replace_callback instead E:\www\base\Core\Lib\Template\ThinkTemplate.class.php Á¨¨ 404 Ë°å.
NOTIC: [8192] preg_replace(): The /e modifier is deprecated, use preg_replace_callback instead E:\www\base\Core\Lib\Template\ThinkTemplate.class.php Á¨¨ 404 Ë°å.
NOTIC: [8192] preg_replace(): The /e modifier is deprecated, use preg_replace_callback instead E:\www\base\Core\Lib\Template\ThinkTemplate.class.php Á¨¨ 404 Ë°å.
NOTIC: [8192] preg_replace(): The /e modifier is deprecated, use preg_replace_callback instead E:\www\base\Core\Lib\Template\ThinkTemplate.class.php Á¨¨ 404 Ë°å.
NOTIC: [8192] preg_replace(): The /e modifier is deprecated, use preg_replace_callback instead E:\www\base\Core\Lib\Template\ThinkTemplate.class.php Á¨¨ 404 Ë°å.
NOTIC: [8192] preg_replace(): The /e modifier is deprecated, use preg_replace_callback instead E:\www\base\Core\Lib\Template\ThinkTemplate.class.php Á¨¨ 404 Ë°å.
NOTIC: [8192] preg_replace(): The /e modifier is deprecated, use preg_replace_callback instead E:\www\base\Core\Lib\Template\ThinkTemplate.class.php Á¨¨ 404 Ë°å.
NOTIC: [8192] preg_replace(): The /e modifier is deprecated, use preg_replace_callback instead E:\www\base\Core\Lib\Template\ThinkTemplate.class.php Á¨¨ 404 Ë°å.
NOTIC: [8192] preg_replace(): The /e modifier is deprecated, use preg_replace_callback instead E:\www\base\Core\Lib\Template\ThinkTemplate.class.php Á¨¨ 404 Ë°å.
NOTIC: [8192] preg_replace(): The /e modifier is deprecated, use preg_replace_callback instead E:\www\base\Core\Lib\Template\ThinkTemplate.class.php Á¨¨ 404 Ë°å.
NOTIC: [8192] preg_replace(): The /e modifier is deprecated, use preg_replace_callback instead E:\www\base\Core\Lib\Template\ThinkTemplate.class.php Á¨¨ 404 Ë°å.
NOTIC: [8192] preg_replace(): The /e modifier is deprecated, use preg_replace_callback instead E:\www\base\Core\Lib\Template\ThinkTemplate.class.php Á¨¨ 404 Ë°å.
NOTIC: [8192] preg_replace(): The /e modifier is deprecated, use preg_replace_callback instead E:\www\base\Core\Lib\Template\ThinkTemplate.class.php Á¨¨ 404 Ë°å.
NOTIC: [8192] preg_replace(): The /e modifier is deprecated, use preg_replace_callback instead E:\www\base\Core\Lib\Template\ThinkTemplate.class.php Á¨¨ 404 Ë°å.
NOTIC: [8192] preg_replace(): The /e modifier is deprecated, use preg_replace_callback instead E:\www\base\Core\Lib\Template\ThinkTemplate.class.php Á¨¨ 404 Ë°å.
NOTIC: [8192] preg_replace(): The /e modifier is deprecated, use preg_replace_callback instead E:\www\base\Core\Lib\Template\ThinkTemplate.class.php Á¨¨ 404 Ë°å.
NOTIC: [8192] preg_replace(): The /e modifier is deprecated, use preg_replace_callback instead E:\www\base\Core\Lib\Template\ThinkTemplate.class.php Á¨¨ 404 Ë°å.
NOTIC: [8192] preg_replace(): The /e modifier is deprecated, use preg_replace_callback instead E:\www\base\Core\Lib\Template\ThinkTemplate.class.php Á¨¨ 404 Ë°å.
NOTIC: [8192] preg_replace(): The /e modifier is deprecated, use preg_replace_callback instead E:\www\base\Core\Lib\Template\ThinkTemplate.class.php Á¨¨ 404 Ë°å.
NOTIC: [8192] preg_replace(): The /e modifier is deprecated, use preg_replace_callback instead E:\www\base\Core\Lib\Template\ThinkTemplate.class.php Á¨¨ 404 Ë°å.
NOTIC: [8192] preg_replace(): The /e modifier is deprecated, use preg_replace_callback instead E:\www\base\Core\Lib\Template\ThinkTemplate.class.php Á¨¨ 404 Ë°å.
NOTIC: [8192] preg_replace(): The /e modifier is deprecated, use preg_replace_callback instead E:\www\base\Core\Lib\Template\ThinkTemplate.class.php Á¨¨ 404 Ë°å.
NOTIC: [8192] preg_replace(): The /e modifier is deprecated, use preg_replace_callback instead E:\www\base\Core\Lib\Template\ThinkTemplate.class.php Á¨¨ 404 Ë°å.
NOTIC: [8192] preg_replace(): The /e modifier is deprecated, use preg_replace_callback instead E:\www\base\Core\Lib\Template\ThinkTemplate.class.php Á¨¨ 404 Ë°å.
NOTIC: [8192] preg_replace(): The /e modifier is deprecated, use preg_replace_callback instead E:\www\base\Core\Lib\Template\ThinkTemplate.class.php Á¨¨ 404 Ë°å.
NOTIC: [8192] preg_replace(): The /e modifier is deprecated, use preg_replace_callback instead E:\www\base\Core\Lib\Template\ThinkTemplate.class.php Á¨¨ 404 Ë°å.
NOTIC: [8192] preg_replace(): The /e modifier is deprecated, use preg_replace_callback instead E:\www\base\Core\Lib\Template\ThinkTemplate.class.php Á¨¨ 404 Ë°å.
NOTIC: [8192] preg_replace(): The /e modifier is deprecated, use preg_replace_callback instead E:\www\base\Core\Lib\Template\ThinkTemplate.class.php Á¨¨ 404 Ë°å.
NOTIC: [8192] preg_replace(): The /e modifier is deprecated, use preg_replace_callback instead E:\www\base\Core\Lib\Template\ThinkTemplate.class.php Á¨¨ 404 Ë°å.
NOTIC: [8192] preg_replace(): The /e modifier is deprecated, use preg_replace_callback instead E:\www\base\Core\Lib\Template\ThinkTemplate.class.php Á¨¨ 404 Ë°å.
NOTIC: [8192] preg_replace(): The /e modifier is deprecated, use preg_replace_callback instead E:\www\base\Core\Lib\Template\ThinkTemplate.class.php Á¨¨ 404 Ë°å.
NOTIC: [8192] preg_replace(): The /e modifier is deprecated, use preg_replace_callback instead E:\www\base\Core\Lib\Template\ThinkTemplate.class.php Á¨¨ 404 Ë°å.
NOTIC: [8192] preg_replace(): The /e modifier is deprecated, use preg_replace_callback instead E:\www\base\Core\Lib\Template\ThinkTemplate.class.php Á¨¨ 404 Ë°å.
NOTIC: [8192] preg_replace(): The /e modifier is deprecated, use preg_replace_callback instead E:\www\base\Core\Lib\Template\ThinkTemplate.class.php Á¨¨ 404 Ë°å.
NOTIC: [8192] preg_replace(): The /e modifier is deprecated, use preg_replace_callback instead E:\www\base\Core\Lib\Template\ThinkTemplate.class.php Á¨¨ 404 Ë°å.
NOTIC: [8192] preg_replace(): The /e modifier is deprecated, use preg_replace_callback instead E:\www\base\Core\Lib\Template\ThinkTemplate.class.php Á¨¨ 404 Ë°å.
NOTIC: [8192] preg_replace(): The /e modifier is deprecated, use preg_replace_callback instead E:\www\base\Core\Lib\Template\ThinkTemplate.class.php Á¨¨ 404 Ë°å.
NOTIC: [8192] preg_replace(): The /e modifier is deprecated, use preg_replace_callback instead E:\www\base\Core\Lib\Template\ThinkTemplate.class.php Á¨¨ 404 Ë°å.
NOTIC: [8192] preg_replace(): The /e modifier is deprecated, use preg_replace_callback instead E:\www\base\Core\Lib\Template\ThinkTemplate.class.php Á¨¨ 399 Ë°å.
NOTIC: [8192] preg_replace(): The /e modifier is deprecated, use preg_replace_callback instead E:\www\base\Core\Lib\Template\ThinkTemplate.class.php Á¨¨ 399 Ë°å.
NOTIC: [8192] preg_replace(): The /e modifier is deprecated, use preg_replace_callback instead E:\www\base\Core\Lib\Template\ThinkTemplate.class.php Á¨¨ 399 Ë°å.
NOTIC: [8192] preg_replace(): The /e modifier is deprecated, use preg_replace_callback instead E:\www\base\Core\Lib\Template\ThinkTemplate.class.php Á¨¨ 399 Ë°å.
NOTIC: [8192] preg_replace(): The /e modifier is deprecated, use preg_replace_callback instead E:\www\base\Core\Lib\Template\ThinkTemplate.class.php Á¨¨ 399 Ë°å.
NOTIC: [8192] preg_replace(): The /e modifier is deprecated, use preg_replace_callback instead E:\www\base\Core\Lib\Template\ThinkTemplate.class.php Á¨¨ 399 Ë°å.
NOTIC: [8192] preg_replace(): The /e modifier is deprecated, use preg_replace_callback instead E:\www\base\Core\Lib\Template\ThinkTemplate.class.php Á¨¨ 404 Ë°å.
NOTIC: [8192] preg_replace(): The /e modifier is deprecated, use preg_replace_callback instead E:\www\base\Core\Lib\Template\ThinkTemplate.class.php Á¨¨ 404 Ë°å.
NOTIC: [8192] preg_replace(): The /e modifier is deprecated, use preg_replace_callback instead E:\www\base\Core\Lib\Template\ThinkTemplate.class.php Á¨¨ 404 Ë°å.
NOTIC: [8192] preg_replace(): The /e modifier is deprecated, use preg_replace_callback instead E:\www\base\Core\Lib\Template\ThinkTemplate.class.php Á¨¨ 197 Ë°å.
NOTIC: [8192] preg_replace(): The /e modifier is deprecated, use preg_replace_callback instead E:\www\base\Core\Lib\Template\ThinkTemplate.class.php Á¨¨ 137 Ë°å.
INFO: Run ParseTemplate Behavior [ RunTime:0.063003s ]
INFO: [ view_parse ] --END-- [ RunTime:0.064003s ]
INFO: [ view_filter ] --START--
INFO: Run ContentReplace Behavior [ RunTime:0.000000s ]
INFO: Run TokenBuild Behavior [ RunTime:0.000000s ]
INFO: Run WriteHtmlCache Behavior [ RunTime:0.001000s ]
INFO: Run ShowRuntime Behavior [ RunTime:0.000000s ]
INFO: [ view_filter ] --END-- [ RunTime:0.001000s ]
INFO: [ view_end ] --START--
INFO: Run ShowPageTrace Behavior [ RunTime:0.001000s ]
INFO: [ view_end ] --END-- [ RunTime:0.001000s ]

[ 2017-02-08T10:50:33+08:00 ] 192.168.31.56 /base/Sys-index
INFO: [ route_check ] --START--
INFO: Run CheckRoute Behavior [ RunTime:0.001000s ]
INFO: [ route_check ] --END-- [ RunTime:0.001000s ]
NOTIC: [8192] preg_replace(): The /e modifier is deprecated, use preg_replace_callback instead E:\www\base\Core\Lib\Core\Dispatcher.class.php Á¨¨ 125 Ë°å.
INFO: [ app_begin ] --START--
INFO: Run ReadHtmlCache Behavior [ RunTime:0.000000s ]
INFO: [ app_begin ] --END-- [ RunTime:0.000000s ]
NOTIC: [8192] mysql_connect(): The mysql extension is deprecated and will be removed in the future: use mysqli or PDO instead E:\www\base\Core\Lib\Driver\Db\DbMysql.class.php Á¨¨ 55 Ë°å.
SQL: SHOW COLUMNS FROM `bingo_sys_logs` [ RunTime:0.006000s ]
NOTIC: [8192] preg_replace(): The /e modifier is deprecated, use preg_replace_callback instead E:\www\base\Core\Lib\Core\Db.class.php Á¨¨ 601 Ë°å.
SQL: SELECT * FROM `bingo_sys_logs` WHERE ( `uid` = 1 ) ORDER BY addtime desc LIMIT 0,10   [ RunTime:0.001000s ]
NOTIC: [8192] preg_replace(): The /e modifier is deprecated, use preg_replace_callback instead E:\www\base\Core\Lib\Core\Db.class.php Á¨¨ 601 Ë°å.
SQL: SELECT COUNT(*) AS tp_count FROM `bingo_sys_logs` WHERE ( `uid` = 1 ) LIMIT 1   [ RunTime:0.001000s ]
INFO: [ view_template ] --START--
INFO: Run LocationTemplate Behavior [ RunTime:0.001000s ]
INFO: [ view_template ] --END-- [ RunTime:0.001000s ]
INFO: [ view_parse ] --START--
NOTIC: [8192] preg_replace(): The /e modifier is deprecated, use preg_replace_callback instead E:\www\base\Core\Lib\Template\ThinkTemplate.class.php Á¨¨ 266 Ë°å.
NOTIC: [8192] preg_replace(): The /e modifier is deprecated, use preg_replace_callback instead E:\www\base\Core\Lib\Template\ThinkTemplate.class.php Á¨¨ 271 Ë°å.
NOTIC: [8192] preg_replace(): The /e modifier is deprecated, use preg_replace_callback instead E:\www\base\Core\Lib\Template\ThinkTemplate.class.php Á¨¨ 273 Ë°å.
NOTIC: [8192] preg_replace(): The /e modifier is deprecated, use preg_replace_callback instead E:\www\base\Core\Lib\Template\ThinkTemplate.class.php Á¨¨ 273 Ë°å.
NOTIC: [8192] preg_replace(): The /e modifier is deprecated, use preg_replace_callback instead E:\www\base\Core\Lib\Template\ThinkTemplate.class.php Á¨¨ 168 Ë°å.
NOTIC: [8192] preg_replace(): The /e modifier is deprecated, use preg_replace_callback instead E:\www\base\Core\Lib\Template\ThinkTemplate.class.php Á¨¨ 404 Ë°å.
NOTIC: [8192] preg_replace(): The /e modifier is deprecated, use preg_replace_callback instead E:\www\base\Core\Lib\Template\ThinkTemplate.class.php Á¨¨ 404 Ë°å.
NOTIC: [8192] preg_replace(): The /e modifier is deprecated, use preg_replace_callback instead E:\www\base\Core\Lib\Template\ThinkTemplate.class.php Á¨¨ 404 Ë°å.
NOTIC: [8192] preg_replace(): The /e modifier is deprecated, use preg_replace_callback instead E:\www\base\Core\Lib\Template\ThinkTemplate.class.php Á¨¨ 404 Ë°å.
NOTIC: [8192] preg_replace(): The /e modifier is deprecated, use preg_replace_callback instead E:\www\base\Core\Lib\Template\ThinkTemplate.class.php Á¨¨ 404 Ë°å.
NOTIC: [8192] preg_replace(): The /e modifier is deprecated, use preg_replace_callback instead E:\www\base\Core\Lib\Template\ThinkTemplate.class.php Á¨¨ 273 Ë°å.
NOTIC: [8192] preg_replace(): The /e modifier is deprecated, use preg_replace_callback instead E:\www\base\Core\Lib\Template\ThinkTemplate.class.php Á¨¨ 168 Ë°å.
NOTIC: [8192] preg_replace(): The /e modifier is deprecated, use preg_replace_callback instead E:\www\base\Core\Lib\Template\ThinkTemplate.class.php Á¨¨ 404 Ë°å.
NOTIC: [8192] preg_replace(): The /e modifier is deprecated, use preg_replace_callback instead E:\www\base\Core\Lib\Template\ThinkTemplate.class.php Á¨¨ 404 Ë°å.
NOTIC: [8192] preg_replace(): The /e modifier is deprecated, use preg_replace_callback instead E:\www\base\Core\Lib\Template\ThinkTemplate.class.php Á¨¨ 404 Ë°å.
NOTIC: [8192] preg_replace(): The /e modifier is deprecated, use preg_replace_callback instead E:\www\base\Core\Lib\Template\ThinkTemplate.class.php Á¨¨ 404 Ë°å.
NOTIC: [8192] preg_replace(): The /e modifier is deprecated, use preg_replace_callback instead E:\www\base\Core\Lib\Template\ThinkTemplate.class.php Á¨¨ 404 Ë°å.
NOTIC: [8192] preg_replace(): The /e modifier is deprecated, use preg_replace_callback instead E:\www\base\Core\Lib\Template\ThinkTemplate.class.php Á¨¨ 404 Ë°å.
NOTIC: [8192] preg_replace(): The /e modifier is deprecated, use preg_replace_callback instead E:\www\base\Core\Lib\Template\ThinkTemplate.class.php Á¨¨ 404 Ë°å.
NOTIC: [8192] preg_replace(): The /e modifier is deprecated, use preg_replace_callback instead E:\www\base\Core\Lib\Template\ThinkTemplate.class.php Á¨¨ 404 Ë°å.
NOTIC: [8192] preg_replace(): The /e modifier is deprecated, use preg_replace_callback instead E:\www\base\Core\Lib\Template\ThinkTemplate.class.php Á¨¨ 404 Ë°å.
NOTIC: [8192] preg_replace(): The /e modifier is deprecated, use preg_replace_callback instead E:\www\base\Core\Lib\Template\ThinkTemplate.class.php Á¨¨ 404 Ë°å.
NOTIC: [8192] preg_replace(): The /e modifier is deprecated, use preg_replace_callback instead E:\www\base\Core\Lib\Template\ThinkTemplate.class.php Á¨¨ 404 Ë°å.
NOTIC: [8192] preg_replace(): The /e modifier is deprecated, use preg_replace_callback instead E:\www\base\Core\Lib\Template\ThinkTemplate.class.php Á¨¨ 404 Ë°å.
NOTIC: [8192] preg_replace(): The /e modifier is deprecated, use preg_replace_callback instead E:\www\base\Core\Lib\Template\ThinkTemplate.class.php Á¨¨ 399 Ë°å.
NOTIC: [8192] preg_replace(): The /e modifier is deprecated, use preg_replace_callback instead E:\www\base\Core\Lib\Template\ThinkTemplate.class.php Á¨¨ 399 Ë°å.
NOTIC: [8192] preg_replace(): The /e modifier is deprecated, use preg_replace_callback instead E:\www\base\Core\Lib\Template\ThinkTemplate.class.php Á¨¨ 404 Ë°å.
NOTIC: [8192] preg_replace(): The /e modifier is deprecated, use preg_replace_callback instead E:\www\base\Core\Lib\Template\ThinkTemplate.class.php Á¨¨ 404 Ë°å.
NOTIC: [8192] preg_replace(): The /e modifier is deprecated, use preg_replace_callback instead E:\www\base\Core\Lib\Template\ThinkTemplate.class.php Á¨¨ 404 Ë°å.
NOTIC: [8192] preg_replace(): The /e modifier is deprecated, use preg_replace_callback instead E:\www\base\Core\Lib\Template\ThinkTemplate.class.php Á¨¨ 399 Ë°å.
NOTIC: [8192] preg_replace(): The /e modifier is deprecated, use preg_replace_callback instead E:\www\base\Core\Lib\Template\ThinkTemplate.class.php Á¨¨ 404 Ë°å.
NOTIC: [8192] preg_replace(): The /e modifier is deprecated, use preg_replace_callback instead E:\www\base\Core\Lib\Template\ThinkTemplate.class.php Á¨¨ 404 Ë°å.
NOTIC: [8192] preg_replace(): The /e modifier is deprecated, use preg_replace_callback instead E:\www\base\Core\Lib\Template\ThinkTemplate.class.php Á¨¨ 404 Ë°å.
NOTIC: [8192] preg_replace(): The /e modifier is deprecated, use preg_replace_callback instead E:\www\base\Core\Lib\Template\ThinkTemplate.class.php Á¨¨ 404 Ë°å.
NOTIC: [8192] preg_replace(): The /e modifier is deprecated, use preg_replace_callback instead E:\www\base\Core\Lib\Template\ThinkTemplate.class.php Á¨¨ 404 Ë°å.
NOTIC: [8192] preg_replace(): The /e modifier is deprecated, use preg_replace_callback instead E:\www\base\Core\Lib\Template\ThinkTemplate.class.php Á¨¨ 404 Ë°å.
NOTIC: [8192] preg_replace(): The /e modifier is deprecated, use preg_replace_callback instead E:\www\base\Core\Lib\Template\ThinkTemplate.class.php Á¨¨ 404 Ë°å.
NOTIC: [8192] preg_replace(): The /e modifier is deprecated, use preg_replace_callback instead E:\www\base\Core\Lib\Template\ThinkTemplate.class.php Á¨¨ 404 Ë°å.
NOTIC: [8192] preg_replace(): The /e modifier is deprecated, use preg_replace_callback instead E:\www\base\Core\Lib\Template\ThinkTemplate.class.php Á¨¨ 404 Ë°å.
NOTIC: [8192] preg_replace(): The /e modifier is deprecated, use preg_replace_callback instead E:\www\base\Core\Lib\Template\ThinkTemplate.class.php Á¨¨ 404 Ë°å.
NOTIC: [8192] preg_replace(): The /e modifier is deprecated, use preg_replace_callback instead E:\www\base\Core\Lib\Template\ThinkTemplate.class.php Á¨¨ 404 Ë°å.
NOTIC: [8192] preg_replace(): The /e modifier is deprecated, use preg_replace_callback instead E:\www\base\Core\Lib\Template\ThinkTemplate.class.php Á¨¨ 404 Ë°å.
NOTIC: [8192] preg_replace(): The /e modifier is deprecated, use preg_replace_callback instead E:\www\base\Core\Lib\Template\ThinkTemplate.class.php Á¨¨ 404 Ë°å.
NOTIC: [8192] preg_replace(): The /e modifier is deprecated, use preg_replace_callback instead E:\www\base\Core\Lib\Template\ThinkTemplate.class.php Á¨¨ 404 Ë°å.
NOTIC: [8192] preg_replace(): The /e modifier is deprecated, use preg_replace_callback instead E:\www\base\Core\Lib\Template\ThinkTemplate.class.php Á¨¨ 404 Ë°å.
NOTIC: [8192] preg_replace(): The /e modifier is deprecated, use preg_replace_callback instead E:\www\base\Core\Lib\Template\ThinkTemplate.class.php Á¨¨ 404 Ë°å.
NOTIC: [8192] preg_replace(): The /e modifier is deprecated, use preg_replace_callback instead E:\www\base\Core\Lib\Template\ThinkTemplate.class.php Á¨¨ 404 Ë°å.
NOTIC: [8192] preg_replace(): The /e modifier is deprecated, use preg_replace_callback instead E:\www\base\Core\Lib\Template\ThinkTemplate.class.php Á¨¨ 404 Ë°å.
NOTIC: [8192] preg_replace(): The /e modifier is deprecated, use preg_replace_callback instead E:\www\base\Core\Lib\Template\ThinkTemplate.class.php Á¨¨ 404 Ë°å.
NOTIC: [8192] preg_replace(): The /e modifier is deprecated, use preg_replace_callback instead E:\www\base\Core\Lib\Template\ThinkTemplate.class.php Á¨¨ 404 Ë°å.
NOTIC: [8192] preg_replace(): The /e modifier is deprecated, use preg_replace_callback instead E:\www\base\Core\Lib\Template\ThinkTemplate.class.php Á¨¨ 404 Ë°å.
NOTIC: [8192] preg_replace(): The /e modifier is deprecated, use preg_replace_callback instead E:\www\base\Core\Lib\Template\ThinkTemplate.class.php Á¨¨ 404 Ë°å.
NOTIC: [8192] preg_replace(): The /e modifier is deprecated, use preg_replace_callback instead E:\www\base\Core\Lib\Template\ThinkTemplate.class.php Á¨¨ 404 Ë°å.
NOTIC: [8192] preg_replace(): The /e modifier is deprecated, use preg_replace_callback instead E:\www\base\Core\Lib\Template\ThinkTemplate.class.php Á¨¨ 404 Ë°å.
NOTIC: [8192] preg_replace(): The /e modifier is deprecated, use preg_replace_callback instead E:\www\base\Core\Lib\Template\ThinkTemplate.class.php Á¨¨ 404 Ë°å.
NOTIC: [8192] preg_replace(): The /e modifier is deprecated, use preg_replace_callback instead E:\www\base\Core\Lib\Template\ThinkTemplate.class.php Á¨¨ 404 Ë°å.
NOTIC: [8192] preg_replace(): The /e modifier is deprecated, use preg_replace_callback instead E:\www\base\Core\Lib\Template\ThinkTemplate.class.php Á¨¨ 404 Ë°å.
NOTIC: [8192] preg_replace(): The /e modifier is deprecated, use preg_replace_callback instead E:\www\base\Core\Lib\Template\ThinkTemplate.class.php Á¨¨ 404 Ë°å.
NOTIC: [8192] preg_replace(): The /e modifier is deprecated, use preg_replace_callback instead E:\www\base\Core\Lib\Template\ThinkTemplate.class.php Á¨¨ 404 Ë°å.
NOTIC: [8192] preg_replace(): The /e modifier is deprecated, use preg_replace_callback instead E:\www\base\Core\Lib\Template\ThinkTemplate.class.php Á¨¨ 404 Ë°å.
NOTIC: [8192] preg_replace(): The /e modifier is deprecated, use preg_replace_callback instead E:\www\base\Core\Lib\Template\ThinkTemplate.class.php Á¨¨ 404 Ë°å.
NOTIC: [8192] preg_replace(): The /e modifier is deprecated, use preg_replace_callback instead E:\www\base\Core\Lib\Template\ThinkTemplate.class.php Á¨¨ 404 Ë°å.
NOTIC: [8192] preg_replace(): The /e modifier is deprecated, use preg_replace_callback instead E:\www\base\Core\Lib\Template\ThinkTemplate.class.php Á¨¨ 404 Ë°å.
NOTIC: [8192] preg_replace(): The /e modifier is deprecated, use preg_replace_callback instead E:\www\base\Core\Lib\Template\ThinkTemplate.class.php Á¨¨ 404 Ë°å.
NOTIC: [8192] preg_replace(): The /e modifier is deprecated, use preg_replace_callback instead E:\www\base\Core\Lib\Template\ThinkTemplate.class.php Á¨¨ 404 Ë°å.
NOTIC: [8192] preg_replace(): The /e modifier is deprecated, use preg_replace_callback instead E:\www\base\Core\Lib\Template\ThinkTemplate.class.php Á¨¨ 404 Ë°å.
NOTIC: [8192] preg_replace(): The /e modifier is deprecated, use preg_replace_callback instead E:\www\base\Core\Lib\Template\ThinkTemplate.class.php Á¨¨ 404 Ë°å.
NOTIC: [8192] preg_replace(): The /e modifier is deprecated, use preg_replace_callback instead E:\www\base\Core\Lib\Template\ThinkTemplate.class.php Á¨¨ 404 Ë°å.
NOTIC: [8192] preg_replace(): The /e modifier is deprecated, use preg_replace_callback instead E:\www\base\Core\Lib\Template\ThinkTemplate.class.php Á¨¨ 404 Ë°å.
NOTIC: [8192] preg_replace(): The /e modifier is deprecated, use preg_replace_callback instead E:\www\base\Core\Lib\Template\ThinkTemplate.class.php Á¨¨ 404 Ë°å.
NOTIC: [8192] preg_replace(): The /e modifier is deprecated, use preg_replace_callback instead E:\www\base\Core\Lib\Template\ThinkTemplate.class.php Á¨¨ 404 Ë°å.
NOTIC: [8192] preg_replace(): The /e modifier is deprecated, use preg_replace_callback instead E:\www\base\Core\Lib\Template\ThinkTemplate.class.php Á¨¨ 404 Ë°å.
NOTIC: [8192] preg_replace(): The /e modifier is deprecated, use preg_replace_callback instead E:\www\base\Core\Lib\Template\ThinkTemplate.class.php Á¨¨ 404 Ë°å.
NOTIC: [8192] preg_replace(): The /e modifier is deprecated, use preg_replace_callback instead E:\www\base\Core\Lib\Template\ThinkTemplate.class.php Á¨¨ 404 Ë°å.
NOTIC: [8192] preg_replace(): The /e modifier is deprecated, use preg_replace_callback instead E:\www\base\Core\Lib\Template\ThinkTemplate.class.php Á¨¨ 404 Ë°å.
NOTIC: [8192] preg_replace(): The /e modifier is deprecated, use preg_replace_callback instead E:\www\base\Core\Lib\Template\ThinkTemplate.class.php Á¨¨ 404 Ë°å.
NOTIC: [8192] preg_replace(): The /e modifier is deprecated, use preg_replace_callback instead E:\www\base\Core\Lib\Template\ThinkTemplate.class.php Á¨¨ 404 Ë°å.
NOTIC: [8192] preg_replace(): The /e modifier is deprecated, use preg_replace_callback instead E:\www\base\Core\Lib\Template\ThinkTemplate.class.php Á¨¨ 404 Ë°å.
NOTIC: [8192] preg_replace(): The /e modifier is deprecated, use preg_replace_callback instead E:\www\base\Core\Lib\Template\ThinkTemplate.class.php Á¨¨ 404 Ë°å.
NOTIC: [8192] preg_replace(): The /e modifier is deprecated, use preg_replace_callback instead E:\www\base\Core\Lib\Template\ThinkTemplate.class.php Á¨¨ 404 Ë°å.
NOTIC: [8192] preg_replace(): The /e modifier is deprecated, use preg_replace_callback instead E:\www\base\Core\Lib\Template\ThinkTemplate.class.php Á¨¨ 404 Ë°å.
NOTIC: [8192] preg_replace(): The /e modifier is deprecated, use preg_replace_callback instead E:\www\base\Core\Lib\Template\ThinkTemplate.class.php Á¨¨ 404 Ë°å.
NOTIC: [8192] preg_replace(): The /e modifier is deprecated, use preg_replace_callback instead E:\www\base\Core\Lib\Template\ThinkTemplate.class.php Á¨¨ 404 Ë°å.
NOTIC: [8192] preg_replace(): The /e modifier is deprecated, use preg_replace_callback instead E:\www\base\Core\Lib\Template\ThinkTemplate.class.php Á¨¨ 404 Ë°å.
NOTIC: [8192] preg_replace(): The /e modifier is deprecated, use preg_replace_callback instead E:\www\base\Core\Lib\Template\ThinkTemplate.class.php Á¨¨ 404 Ë°å.
NOTIC: [8192] preg_replace(): The /e modifier is deprecated, use preg_replace_callback instead E:\www\base\Core\Lib\Template\ThinkTemplate.class.php Á¨¨ 404 Ë°å.
NOTIC: [8192] preg_replace(): The /e modifier is deprecated, use preg_replace_callback instead E:\www\base\Core\Lib\Template\ThinkTemplate.class.php Á¨¨ 404 Ë°å.
NOTIC: [8192] preg_replace(): The /e modifier is deprecated, use preg_replace_callback instead E:\www\base\Core\Lib\Template\ThinkTemplate.class.php Á¨¨ 404 Ë°å.
NOTIC: [8192] preg_replace(): The /e modifier is deprecated, use preg_replace_callback instead E:\www\base\Core\Lib\Template\ThinkTemplate.class.php Á¨¨ 404 Ë°å.
NOTIC: [8192] preg_replace(): The /e modifier is deprecated, use preg_replace_callback instead E:\www\base\Core\Lib\Template\ThinkTemplate.class.php Á¨¨ 404 Ë°å.
NOTIC: [8192] preg_replace(): The /e modifier is deprecated, use preg_replace_callback instead E:\www\base\Core\Lib\Template\ThinkTemplate.class.php Á¨¨ 404 Ë°å.
NOTIC: [8192] preg_replace(): The /e modifier is deprecated, use preg_replace_callback instead E:\www\base\Core\Lib\Template\ThinkTemplate.class.php Á¨¨ 404 Ë°å.
NOTIC: [8192] preg_replace(): The /e modifier is deprecated, use preg_replace_callback instead E:\www\base\Core\Lib\Template\ThinkTemplate.class.php Á¨¨ 404 Ë°å.
NOTIC: [8192] preg_replace(): The /e modifier is deprecated, use preg_replace_callback instead E:\www\base\Core\Lib\Template\ThinkTemplate.class.php Á¨¨ 404 Ë°å.
NOTIC: [8192] preg_replace(): The /e modifier is deprecated, use preg_replace_callback instead E:\www\base\Core\Lib\Template\ThinkTemplate.class.php Á¨¨ 404 Ë°å.
NOTIC: [8192] preg_replace(): The /e modifier is deprecated, use preg_replace_callback instead E:\www\base\Core\Lib\Template\ThinkTemplate.class.php Á¨¨ 404 Ë°å.
NOTIC: [8192] preg_replace(): The /e modifier is deprecated, use preg_replace_callback instead E:\www\base\Core\Lib\Template\ThinkTemplate.class.php Á¨¨ 399 Ë°å.
NOTIC: [8192] preg_replace(): The /e modifier is deprecated, use preg_replace_callback instead E:\www\base\Core\Lib\Template\ThinkTemplate.class.php Á¨¨ 399 Ë°å.
NOTIC: [8192] preg_replace(): The /e modifier is deprecated, use preg_replace_callback instead E:\www\base\Core\Lib\Template\ThinkTemplate.class.php Á¨¨ 399 Ë°å.
NOTIC: [8192] preg_replace(): The /e modifier is deprecated, use preg_replace_callback instead E:\www\base\Core\Lib\Template\ThinkTemplate.class.php Á¨¨ 399 Ë°å.
NOTIC: [8192] preg_replace(): The /e modifier is deprecated, use preg_replace_callback instead E:\www\base\Core\Lib\Template\ThinkTemplate.class.php Á¨¨ 399 Ë°å.
NOTIC: [8192] preg_replace(): The /e modifier is deprecated, use preg_replace_callback instead E:\www\base\Core\Lib\Template\ThinkTemplate.class.php Á¨¨ 399 Ë°å.
NOTIC: [8192] preg_replace(): The /e modifier is deprecated, use preg_replace_callback instead E:\www\base\Core\Lib\Template\ThinkTemplate.class.php Á¨¨ 404 Ë°å.
NOTIC: [8192] preg_replace(): The /e modifier is deprecated, use preg_replace_callback instead E:\www\base\Core\Lib\Template\ThinkTemplate.class.php Á¨¨ 404 Ë°å.
NOTIC: [8192] preg_replace(): The /e modifier is deprecated, use preg_replace_callback instead E:\www\base\Core\Lib\Template\ThinkTemplate.class.php Á¨¨ 404 Ë°å.
NOTIC: [8192] preg_replace(): The /e modifier is deprecated, use preg_replace_callback instead E:\www\base\Core\Lib\Template\ThinkTemplate.class.php Á¨¨ 197 Ë°å.
NOTIC: [8192] preg_replace(): The /e modifier is deprecated, use preg_replace_callback instead E:\www\base\Core\Lib\Template\ThinkTemplate.class.php Á¨¨ 404 Ë°å.
NOTIC: [8192] preg_replace(): The /e modifier is deprecated, use preg_replace_callback instead E:\www\base\Core\Lib\Template\ThinkTemplate.class.php Á¨¨ 404 Ë°å.
NOTIC: [8192] preg_replace(): The /e modifier is deprecated, use preg_replace_callback instead E:\www\base\Core\Lib\Template\ThinkTemplate.class.php Á¨¨ 404 Ë°å.
NOTIC: [8192] preg_replace(): The /e modifier is deprecated, use preg_replace_callback instead E:\www\base\Core\Lib\Template\ThinkTemplate.class.php Á¨¨ 404 Ë°å.
NOTIC: [8192] preg_replace(): The /e modifier is deprecated, use preg_replace_callback instead E:\www\base\Core\Lib\Template\ThinkTemplate.class.php Á¨¨ 404 Ë°å.
NOTIC: [8192] preg_replace(): The /e modifier is deprecated, use preg_replace_callback instead E:\www\base\Core\Lib\Template\ThinkTemplate.class.php Á¨¨ 404 Ë°å.
NOTIC: [8192] preg_replace(): The /e modifier is deprecated, use preg_replace_callback instead E:\www\base\Core\Lib\Template\ThinkTemplate.class.php Á¨¨ 404 Ë°å.
NOTIC: [8192] preg_replace(): The /e modifier is deprecated, use preg_replace_callback instead E:\www\base\Core\Lib\Template\ThinkTemplate.class.php Á¨¨ 399 Ë°å.
NOTIC: [8192] preg_replace(): The /e modifier is deprecated, use preg_replace_callback instead E:\www\base\Core\Lib\Template\ThinkTemplate.class.php Á¨¨ 399 Ë°å.
NOTIC: [8192] preg_replace(): The /e modifier is deprecated, use preg_replace_callback instead E:\www\base\Core\Lib\Template\ThinkTemplate.class.php Á¨¨ 404 Ë°å.
NOTIC: [8192] preg_replace(): The /e modifier is deprecated, use preg_replace_callback instead E:\www\base\Core\Lib\Template\ThinkTemplate.class.php Á¨¨ 404 Ë°å.
NOTIC: [8192] preg_replace(): The /e modifier is deprecated, use preg_replace_callback instead E:\www\base\Core\Lib\Template\ThinkTemplate.class.php Á¨¨ 404 Ë°å.
NOTIC: [8192] preg_replace(): The /e modifier is deprecated, use preg_replace_callback instead E:\www\base\Core\Lib\Template\ThinkTemplate.class.php Á¨¨ 399 Ë°å.
NOTIC: [8192] preg_replace(): The /e modifier is deprecated, use preg_replace_callback instead E:\www\base\Core\Lib\Template\ThinkTemplate.class.php Á¨¨ 404 Ë°å.
NOTIC: [8192] preg_replace(): The /e modifier is deprecated, use preg_replace_callback instead E:\www\base\Core\Lib\Template\ThinkTemplate.class.php Á¨¨ 404 Ë°å.
NOTIC: [8192] preg_replace(): The /e modifier is deprecated, use preg_replace_callback instead E:\www\base\Core\Lib\Template\ThinkTemplate.class.php Á¨¨ 404 Ë°å.
NOTIC: [8192] preg_replace(): The /e modifier is deprecated, use preg_replace_callback instead E:\www\base\Core\Lib\Template\ThinkTemplate.class.php Á¨¨ 404 Ë°å.
NOTIC: [8192] preg_replace(): The /e modifier is deprecated, use preg_replace_callback instead E:\www\base\Core\Lib\Template\ThinkTemplate.class.php Á¨¨ 404 Ë°å.
NOTIC: [8192] preg_replace(): The /e modifier is deprecated, use preg_replace_callback instead E:\www\base\Core\Lib\Template\ThinkTemplate.class.php Á¨¨ 404 Ë°å.
NOTIC: [8192] preg_replace(): The /e modifier is deprecated, use preg_replace_callback instead E:\www\base\Core\Lib\Template\ThinkTemplate.class.php Á¨¨ 404 Ë°å.
NOTIC: [8192] preg_replace(): The /e modifier is deprecated, use preg_replace_callback instead E:\www\base\Core\Lib\Template\ThinkTemplate.class.php Á¨¨ 404 Ë°å.
NOTIC: [8192] preg_replace(): The /e modifier is deprecated, use preg_replace_callback instead E:\www\base\Core\Lib\Template\ThinkTemplate.class.php Á¨¨ 404 Ë°å.
NOTIC: [8192] preg_replace(): The /e modifier is deprecated, use preg_replace_callback instead E:\www\base\Core\Lib\Template\ThinkTemplate.class.php Á¨¨ 404 Ë°å.
NOTIC: [8192] preg_replace(): The /e modifier is deprecated, use preg_replace_callback instead E:\www\base\Core\Lib\Template\ThinkTemplate.class.php Á¨¨ 404 Ë°å.
NOTIC: [8192] preg_replace(): The /e modifier is deprecated, use preg_replace_callback instead E:\www\base\Core\Lib\Template\ThinkTemplate.class.php Á¨¨ 404 Ë°å.
NOTIC: [8192] preg_replace(): The /e modifier is deprecated, use preg_replace_callback instead E:\www\base\Core\Lib\Template\ThinkTemplate.class.php Á¨¨ 404 Ë°å.
NOTIC: [8192] preg_replace(): The /e modifier is deprecated, use preg_replace_callback instead E:\www\base\Core\Lib\Template\ThinkTemplate.class.php Á¨¨ 404 Ë°å.
NOTIC: [8192] preg_replace(): The /e modifier is deprecated, use preg_replace_callback instead E:\www\base\Core\Lib\Template\ThinkTemplate.class.php Á¨¨ 404 Ë°å.
NOTIC: [8192] preg_replace(): The /e modifier is deprecated, use preg_replace_callback instead E:\www\base\Core\Lib\Template\ThinkTemplate.class.php Á¨¨ 404 Ë°å.
NOTIC: [8192] preg_replace(): The /e modifier is deprecated, use preg_replace_callback instead E:\www\base\Core\Lib\Template\ThinkTemplate.class.php Á¨¨ 404 Ë°å.
NOTIC: [8192] preg_replace(): The /e modifier is deprecated, use preg_replace_callback instead E:\www\base\Core\Lib\Template\ThinkTemplate.class.php Á¨¨ 404 Ë°å.
NOTIC: [8192] preg_replace(): The /e modifier is deprecated, use preg_replace_callback instead E:\www\base\Core\Lib\Template\ThinkTemplate.class.php Á¨¨ 404 Ë°å.
NOTIC: [8192] preg_replace(): The /e modifier is deprecated, use preg_replace_callback instead E:\www\base\Core\Lib\Template\ThinkTemplate.class.php Á¨¨ 404 Ë°å.
NOTIC: [8192] preg_replace(): The /e modifier is deprecated, use preg_replace_callback instead E:\www\base\Core\Lib\Template\ThinkTemplate.class.php Á¨¨ 404 Ë°å.
NOTIC: [8192] preg_replace(): The /e modifier is deprecated, use preg_replace_callback instead E:\www\base\Core\Lib\Template\ThinkTemplate.class.php Á¨¨ 404 Ë°å.
NOTIC: [8192] preg_replace(): The /e modifier is deprecated, use preg_replace_callback instead E:\www\base\Core\Lib\Template\ThinkTemplate.class.php Á¨¨ 404 Ë°å.
NOTIC: [8192] preg_replace(): The /e modifier is deprecated, use preg_replace_callback instead E:\www\base\Core\Lib\Template\ThinkTemplate.class.php Á¨¨ 404 Ë°å.
NOTIC: [8192] preg_replace(): The /e modifier is deprecated, use preg_replace_callback instead E:\www\base\Core\Lib\Template\ThinkTemplate.class.php Á¨¨ 404 Ë°å.
NOTIC: [8192] preg_replace(): The /e modifier is deprecated, use preg_replace_callback instead E:\www\base\Core\Lib\Template\ThinkTemplate.class.php Á¨¨ 404 Ë°å.
NOTIC: [8192] preg_replace(): The /e modifier is deprecated, use preg_replace_callback instead E:\www\base\Core\Lib\Template\ThinkTemplate.class.php Á¨¨ 404 Ë°å.
NOTIC: [8192] preg_replace(): The /e modifier is deprecated, use preg_replace_callback instead E:\www\base\Core\Lib\Template\ThinkTemplate.class.php Á¨¨ 404 Ë°å.
NOTIC: [8192] preg_replace(): The /e modifier is deprecated, use preg_replace_callback instead E:\www\base\Core\Lib\Template\ThinkTemplate.class.php Á¨¨ 404 Ë°å.
NOTIC: [8192] preg_replace(): The /e modifier is deprecated, use preg_replace_callback instead E:\www\base\Core\Lib\Template\ThinkTemplate.class.php Á¨¨ 404 Ë°å.
NOTIC: [8192] preg_replace(): The /e modifier is deprecated, use preg_replace_callback instead E:\www\base\Core\Lib\Template\ThinkTemplate.class.php Á¨¨ 404 Ë°å.
NOTIC: [8192] preg_replace(): The /e modifier is deprecated, use preg_replace_callback instead E:\www\base\Core\Lib\Template\ThinkTemplate.class.php Á¨¨ 404 Ë°å.
NOTIC: [8192] preg_replace(): The /e modifier is deprecated, use preg_replace_callback instead E:\www\base\Core\Lib\Template\ThinkTemplate.class.php Á¨¨ 404 Ë°å.
NOTIC: [8192] preg_replace(): The /e modifier is deprecated, use preg_replace_callback instead E:\www\base\Core\Lib\Template\ThinkTemplate.class.php Á¨¨ 404 Ë°å.
NOTIC: [8192] preg_replace(): The /e modifier is deprecated, use preg_replace_callback instead E:\www\base\Core\Lib\Template\ThinkTemplate.class.php Á¨¨ 404 Ë°å.
NOTIC: [8192] preg_replace(): The /e modifier is deprecated, use preg_replace_callback instead E:\www\base\Core\Lib\Template\ThinkTemplate.class.php Á¨¨ 404 Ë°å.
NOTIC: [8192] preg_replace(): The /e modifier is deprecated, use preg_replace_callback instead E:\www\base\Core\Lib\Template\ThinkTemplate.class.php Á¨¨ 404 Ë°å.
NOTIC: [8192] preg_replace(): The /e modifier is deprecated, use preg_replace_callback instead E:\www\base\Core\Lib\Template\ThinkTemplate.class.php Á¨¨ 404 Ë°å.
NOTIC: [8192] preg_replace(): The /e modifier is deprecated, use preg_replace_callback instead E:\www\base\Core\Lib\Template\ThinkTemplate.class.php Á¨¨ 404 Ë°å.
NOTIC: [8192] preg_replace(): The /e modifier is deprecated, use preg_replace_callback instead E:\www\base\Core\Lib\Template\ThinkTemplate.class.php Á¨¨ 404 Ë°å.
NOTIC: [8192] preg_replace(): The /e modifier is deprecated, use preg_replace_callback instead E:\www\base\Core\Lib\Template\ThinkTemplate.class.php Á¨¨ 404 Ë°å.
NOTIC: [8192] preg_replace(): The /e modifier is deprecated, use preg_replace_callback instead E:\www\base\Core\Lib\Template\ThinkTemplate.class.php Á¨¨ 404 Ë°å.
NOTIC: [8192] preg_replace(): The /e modifier is deprecated, use preg_replace_callback instead E:\www\base\Core\Lib\Template\ThinkTemplate.class.php Á¨¨ 404 Ë°å.
NOTIC: [8192] preg_replace(): The /e modifier is deprecated, use preg_replace_callback instead E:\www\base\Core\Lib\Template\ThinkTemplate.class.php Á¨¨ 404 Ë°å.
NOTIC: [8192] preg_replace(): The /e modifier is deprecated, use preg_replace_callback instead E:\www\base\Core\Lib\Template\ThinkTemplate.class.php Á¨¨ 404 Ë°å.
NOTIC: [8192] preg_replace(): The /e modifier is deprecated, use preg_replace_callback instead E:\www\base\Core\Lib\Template\ThinkTemplate.class.php Á¨¨ 404 Ë°å.
NOTIC: [8192] preg_replace(): The /e modifier is deprecated, use preg_replace_callback instead E:\www\base\Core\Lib\Template\ThinkTemplate.class.php Á¨¨ 404 Ë°å.
NOTIC: [8192] preg_replace(): The /e modifier is deprecated, use preg_replace_callback instead E:\www\base\Core\Lib\Template\ThinkTemplate.class.php Á¨¨ 404 Ë°å.
NOTIC: [8192] preg_replace(): The /e modifier is deprecated, use preg_replace_callback instead E:\www\base\Core\Lib\Template\ThinkTemplate.class.php Á¨¨ 404 Ë°å.
NOTIC: [8192] preg_replace(): The /e modifier is deprecated, use preg_replace_callback instead E:\www\base\Core\Lib\Template\ThinkTemplate.class.php Á¨¨ 404 Ë°å.
NOTIC: [8192] preg_replace(): The /e modifier is deprecated, use preg_replace_callback instead E:\www\base\Core\Lib\Template\ThinkTemplate.class.php Á¨¨ 404 Ë°å.
NOTIC: [8192] preg_replace(): The /e modifier is deprecated, use preg_replace_callback instead E:\www\base\Core\Lib\Template\ThinkTemplate.class.php Á¨¨ 404 Ë°å.
NOTIC: [8192] preg_replace(): The /e modifier is deprecated, use preg_replace_callback instead E:\www\base\Core\Lib\Template\ThinkTemplate.class.php Á¨¨ 404 Ë°å.
NOTIC: [8192] preg_replace(): The /e modifier is deprecated, use preg_replace_callback instead E:\www\base\Core\Lib\Template\ThinkTemplate.class.php Á¨¨ 404 Ë°å.
NOTIC: [8192] preg_replace(): The /e modifier is deprecated, use preg_replace_callback instead E:\www\base\Core\Lib\Template\ThinkTemplate.class.php Á¨¨ 404 Ë°å.
NOTIC: [8192] preg_replace(): The /e modifier is deprecated, use preg_replace_callback instead E:\www\base\Core\Lib\Template\ThinkTemplate.class.php Á¨¨ 404 Ë°å.
NOTIC: [8192] preg_replace(): The /e modifier is deprecated, use preg_replace_callback instead E:\www\base\Core\Lib\Template\ThinkTemplate.class.php Á¨¨ 404 Ë°å.
NOTIC: [8192] preg_replace(): The /e modifier is deprecated, use preg_replace_callback instead E:\www\base\Core\Lib\Template\ThinkTemplate.class.php Á¨¨ 404 Ë°å.
NOTIC: [8192] preg_replace(): The /e modifier is deprecated, use preg_replace_callback instead E:\www\base\Core\Lib\Template\ThinkTemplate.class.php Á¨¨ 404 Ë°å.
NOTIC: [8192] preg_replace(): The /e modifier is deprecated, use preg_replace_callback instead E:\www\base\Core\Lib\Template\ThinkTemplate.class.php Á¨¨ 404 Ë°å.
NOTIC: [8192] preg_replace(): The /e modifier is deprecated, use preg_replace_callback instead E:\www\base\Core\Lib\Template\ThinkTemplate.class.php Á¨¨ 404 Ë°å.
NOTIC: [8192] preg_replace(): The /e modifier is deprecated, use preg_replace_callback instead E:\www\base\Core\Lib\Template\ThinkTemplate.class.php Á¨¨ 404 Ë°å.
NOTIC: [8192] preg_replace(): The /e modifier is deprecated, use preg_replace_callback instead E:\www\base\Core\Lib\Template\ThinkTemplate.class.php Á¨¨ 404 Ë°å.
NOTIC: [8192] preg_replace(): The /e modifier is deprecated, use preg_replace_callback instead E:\www\base\Core\Lib\Template\ThinkTemplate.class.php Á¨¨ 404 Ë°å.
NOTIC: [8192] preg_replace(): The /e modifier is deprecated, use preg_replace_callback instead E:\www\base\Core\Lib\Template\ThinkTemplate.class.php Á¨¨ 404 Ë°å.
NOTIC: [8192] preg_replace(): The /e modifier is deprecated, use preg_replace_callback instead E:\www\base\Core\Lib\Template\ThinkTemplate.class.php Á¨¨ 404 Ë°å.
NOTIC: [8192] preg_replace(): The /e modifier is deprecated, use preg_replace_callback instead E:\www\base\Core\Lib\Template\ThinkTemplate.class.php Á¨¨ 399 Ë°å.
NOTIC: [8192] preg_replace(): The /e modifier is deprecated, use preg_replace_callback instead E:\www\base\Core\Lib\Template\ThinkTemplate.class.php Á¨¨ 399 Ë°å.
NOTIC: [8192] preg_replace(): The /e modifier is deprecated, use preg_replace_callback instead E:\www\base\Core\Lib\Template\ThinkTemplate.class.php Á¨¨ 399 Ë°å.
NOTIC: [8192] preg_replace(): The /e modifier is deprecated, use preg_replace_callback instead E:\www\base\Core\Lib\Template\ThinkTemplate.class.php Á¨¨ 399 Ë°å.
NOTIC: [8192] preg_replace(): The /e modifier is deprecated, use preg_replace_callback instead E:\www\base\Core\Lib\Template\ThinkTemplate.class.php Á¨¨ 399 Ë°å.
NOTIC: [8192] preg_replace(): The /e modifier is deprecated, use preg_replace_callback instead E:\www\base\Core\Lib\Template\ThinkTemplate.class.php Á¨¨ 399 Ë°å.
NOTIC: [8192] preg_replace(): The /e modifier is deprecated, use preg_replace_callback instead E:\www\base\Core\Lib\Template\ThinkTemplate.class.php Á¨¨ 404 Ë°å.
NOTIC: [8192] preg_replace(): The /e modifier is deprecated, use preg_replace_callback instead E:\www\base\Core\Lib\Template\ThinkTemplate.class.php Á¨¨ 404 Ë°å.
NOTIC: [8192] preg_replace(): The /e modifier is deprecated, use preg_replace_callback instead E:\www\base\Core\Lib\Template\ThinkTemplate.class.php Á¨¨ 404 Ë°å.
NOTIC: [8192] preg_replace(): The /e modifier is deprecated, use preg_replace_callback instead E:\www\base\Core\Lib\Template\ThinkTemplate.class.php Á¨¨ 197 Ë°å.
NOTIC: [8192] preg_replace(): The /e modifier is deprecated, use preg_replace_callback instead E:\www\base\Core\Lib\Template\ThinkTemplate.class.php Á¨¨ 137 Ë°å.
INFO: Run ParseTemplate Behavior [ RunTime:0.024001s ]
INFO: [ view_parse ] --END-- [ RunTime:0.024001s ]
INFO: [ view_filter ] --START--
INFO: Run ContentReplace Behavior [ RunTime:0.000000s ]
INFO: Run TokenBuild Behavior [ RunTime:0.000000s ]
INFO: Run WriteHtmlCache Behavior [ RunTime:0.001000s ]
INFO: Run ShowRuntime Behavior [ RunTime:0.001000s ]
INFO: [ view_filter ] --END-- [ RunTime:0.003000s ]
INFO: [ view_end ] --START--
INFO: Run ShowPageTrace Behavior [ RunTime:0.001000s ]
INFO: [ view_end ] --END-- [ RunTime:0.002000s ]

